<?xml version="1.0" encoding="UTF-8"?>
<robot generator="Robot 4.1.1 (Python 3.9.7 on win32)" generated="20211008 10:03:35.052" rpa="false" schemaversion="2">
<suite id="s1" name="Testcases" source="C:\Users\Public\SuperSport_Cuc\testcases">
<suite id="s1-s1" name="Search Function" source="C:\Users\Public\SuperSport_Cuc\testcases\search_function.robot">
<test id="s1-s1-t1" name="Guest with invalid search keyword">
<kw name="Open SuperSport Application" library="common_android_keywords" type="SETUP">
<arg>${device_info.cuc_device}</arg>
<kw name="Create Dictionary" library="BuiltIn">
<var>${device_data_dict}</var>
<arg>deviceName</arg>
<arg>${device_data.deviceName}</arg>
<arg>platformName</arg>
<arg>${device_data.platformName}</arg>
<arg>platformVersion</arg>
<arg>${device_data.platformVersion}</arg>
<arg>app</arg>
<arg>${device_data.app}</arg>
<arg>newCommandTimeout</arg>
<arg>${device_data.newCommandTimeout}</arg>
<arg>noReset</arg>
<arg>${device_data.noReset}</arg>
<arg>autoGrantPermissions</arg>
<arg>${device_data.autoGrantPermissions}</arg>
<doc>Creates and returns a dictionary based on the given ``items``.</doc>
<msg timestamp="20211008 10:03:36.250" level="INFO">${device_data_dict} = {'deviceName': '988a1b364b49464d55', 'platformName': 'android', 'platformVersion': '9', 'app': 'C:/Users/Public/SuperSportApp/SuperSport.apk', 'newCommandTimeout': 300, 'noReset': False, 'autoGrantPer...</msg>
<status status="PASS" starttime="20211008 10:03:36.247" endtime="20211008 10:03:36.250"/>
</kw>
<kw name="Open Application" library="AppiumLibrary">
<arg>http://localhost:4723/wd/hub</arg>
<arg>&amp;{device_data_dict}</arg>
<doc>Opens a new application to given Appium server.
Capabilities of appium server, Android and iOS,
Please check https://github.com/appium/appium/blob/master/docs/en/writing-running-appium/server-args.md
| *Option*            | *Man.* | *Description*     |
| remote_url          | Yes    | Appium server url |
| alias               | no     | alias             |</doc>
<status status="PASS" starttime="20211008 10:03:36.250" endtime="20211008 10:03:47.040"/>
</kw>
<status status="PASS" starttime="20211008 10:03:36.245" endtime="20211008 10:03:47.040"/>
</kw>
<kw name="Template - Member verify suggestion list show correctly on UI">
<arg>guest</arg>
<arg>Dior123@!#!</arg>
<arg>False</arg>
<kw name="Run Keyword If" library="BuiltIn">
<arg>'${user_type.lower()}'=='member'</arg>
<arg>common_android_functions.Launch SuperSport application, select language and log in</arg>
<arg>${customer_email}</arg>
<arg>${customer_password}</arg>
<arg>ELSE</arg>
<arg>common_android_functions.Launch SuperSport application, select language and click skip button</arg>
<doc>Runs the given keyword with the given arguments, if ``condition`` is true.</doc>
<kw name="Launch SuperSport application, select language and click skip button" library="common_android_functions">
<doc>Launch application,select english language and click skip button</doc>
<kw name="Launch SuperSport Application" library="common_android_keywords">
<doc>Launch application while Appium session running</doc>
<kw name="Launch Application" library="AppiumLibrary">
<doc>Launch application. Application can be launched while Appium session running.
This keyword can be used to launch application during test case or between test cases.</doc>
<status status="PASS" starttime="20211008 10:03:47.044" endtime="20211008 10:03:49.847"/>
</kw>
<status status="PASS" starttime="20211008 10:03:47.043" endtime="20211008 10:03:49.847"/>
</kw>
<kw name="Select english language" library="common_android_keywords">
<doc>Select english language at welcome page</doc>
<kw name="Click Element" library="common_android_keywords">
<arg>${commonPageLocator}[btn_english_language]</arg>
<doc>Click to target element
${locator} - Locator of target element
${timeout} - Waiting time for target element visible</doc>
<kw name="Wait Until Element Is Visible" library="AppiumLibrary">
<arg>${locator}</arg>
<arg>timeout=${timeout}</arg>
<doc>Waits until element specified with `locator` is visible.</doc>
<status status="PASS" starttime="20211008 10:03:49.851" endtime="20211008 10:03:51.986"/>
</kw>
<kw name="Click Element" library="AppiumLibrary">
<arg>${locator}</arg>
<doc>Click element identified by `locator`.</doc>
<msg timestamp="20211008 10:03:51.993" level="INFO">Clicking element 'android=UiSelector().resourceIdMatches(".*id/splash_item_name$").text("ENGLISH")'.</msg>
<status status="PASS" starttime="20211008 10:03:51.986" endtime="20211008 10:03:52.921"/>
</kw>
<status status="PASS" starttime="20211008 10:03:49.850" endtime="20211008 10:03:52.922"/>
</kw>
<status status="PASS" starttime="20211008 10:03:49.847" endtime="20211008 10:03:52.922"/>
</kw>
<kw name="Click skip button" library="login_page">
<doc>Click skip button</doc>
<kw name="Click Element" library="common_android_keywords">
<arg>${loginPageLocator}[btn_skip]</arg>
<doc>Click to target element
${locator} - Locator of target element
${timeout} - Waiting time for target element visible</doc>
<kw name="Wait Until Element Is Visible" library="AppiumLibrary">
<arg>${locator}</arg>
<arg>timeout=${timeout}</arg>
<doc>Waits until element specified with `locator` is visible.</doc>
<status status="PASS" starttime="20211008 10:03:52.928" endtime="20211008 10:03:55.072"/>
</kw>
<kw name="Click Element" library="AppiumLibrary">
<arg>${locator}</arg>
<doc>Click element identified by `locator`.</doc>
<msg timestamp="20211008 10:03:55.079" level="INFO">Clicking element 'android=UiSelector().resourceIdMatches(".*id/skip_button$")'.</msg>
<status status="PASS" starttime="20211008 10:03:55.073" endtime="20211008 10:03:55.270"/>
</kw>
<status status="PASS" starttime="20211008 10:03:52.926" endtime="20211008 10:03:55.270"/>
</kw>
<status status="PASS" starttime="20211008 10:03:52.922" endtime="20211008 10:03:55.271"/>
</kw>
<status status="PASS" starttime="20211008 10:03:47.043" endtime="20211008 10:03:55.271"/>
</kw>
<status status="PASS" starttime="20211008 10:03:47.042" endtime="20211008 10:03:55.271"/>
</kw>
<kw name="Get suggestion data with search by keyword" library="search_api">
<arg>${search_keyword}</arg>
<kw name="Get response for suggestion data with search by keyword" library="search_api">
<var>${response}</var>
<arg>${keyword}</arg>
<arg>${catalog_type}</arg>
<arg>${shop_type}</arg>
<kw name="Create Dictionary" library="BuiltIn">
<var>&amp;{header}</var>
<arg>Accept=application/json</arg>
<arg>Content-Type=application/json</arg>
<doc>Creates and returns a dictionary based on the given ``items``.</doc>
<msg timestamp="20211008 10:03:55.274" level="INFO">&amp;{header} = { Accept=application/json | Content-Type=application/json }</msg>
<status status="PASS" starttime="20211008 10:03:55.274" endtime="20211008 10:03:55.275"/>
</kw>
<kw name="Create Dictionary" library="BuiltIn">
<var>&amp;{query}</var>
<arg>q=${keyword}</arg>
<arg>catalogtype=${catalogtype}</arg>
<arg>shoptype=${shoptype}</arg>
<doc>Creates and returns a dictionary based on the given ``items``.</doc>
<msg timestamp="20211008 10:03:55.276" level="INFO">&amp;{query} = { q=Dior123@!#! | catalogtype=Main | shoptype=1 }</msg>
<status status="PASS" starttime="20211008 10:03:55.275" endtime="20211008 10:03:55.276"/>
</kw>
<kw name="Set Variable" library="BuiltIn">
<var>${seach_end_point}</var>
<arg>${api_end_point}/_c/search/suggest_with_product?</arg>
<doc>Returns the given values which can then be assigned to a variables.</doc>
<msg timestamp="20211008 10:03:55.277" level="INFO">${seach_end_point} = https://en.supersports.co.th/_c/search/suggest_with_product?</msg>
<status status="PASS" starttime="20211008 10:03:55.276" endtime="20211008 10:03:55.277"/>
</kw>
<kw name="Get" library="REST">
<var>${response}</var>
<arg>endpoint=${seach_end_point}</arg>
<arg>query=&amp;{query}</arg>
<arg>headers=&amp;{header}</arg>
<tag>http</tag>
<doc>*Sends a GET request to the endpoint.*</doc>
<msg timestamp="20211008 10:03:55.489" level="INFO">${response} = {'seconds': 0.198177, 'status': 200, 'body': ['Dior123@!#!', {'brands': [], 'categories': [], 'products': []}], 'headers': {'Cache-Control': 'max-age=60', 'Content-Type': 'text/plain; charset=utf-8', ...</msg>
<status status="PASS" starttime="20211008 10:03:55.277" endtime="20211008 10:03:55.490"/>
</kw>
<kw name="Integer" library="REST">
<arg>response status</arg>
<arg>200</arg>
<tag>assertions</tag>
<doc>*Asserts the field as JSON integer.*</doc>
<status status="PASS" starttime="20211008 10:03:55.490" endtime="20211008 10:03:55.491"/>
</kw>
<kw name="Output" library="REST">
<var>${response}</var>
<arg>response body</arg>
<tag>I/O</tag>
<doc>*Outputs JSON to terminal or a file.*</doc>
<msg timestamp="20211008 10:03:55.491" level="INFO">
[
    "Dior123@!#!",
    {
        "brands": [],
        "categories": [],
        "products": []
    }
]</msg>
<msg timestamp="20211008 10:03:55.503" level="INFO">${response} = ['Dior123@!#!', {'brands': [], 'categories': [], 'products': []}]</msg>
<status status="PASS" starttime="20211008 10:03:55.491" endtime="20211008 10:03:55.503"/>
</kw>
<msg timestamp="20211008 10:03:55.504" level="INFO">${response} = ['Dior123@!#!', {'brands': [], 'categories': [], 'products': []}]</msg>
<status status="PASS" starttime="20211008 10:03:55.273" endtime="20211008 10:03:55.504"/>
</kw>
<kw name="Get brand data from suggestion with search by keyword" library="search_api">
<var>${brands_data_dict}</var>
<arg>${response}</arg>
<kw name="Get Value From Json" library="JSONLibrary">
<var>${brands_name}</var>
<arg>${response}</arg>
<arg>$..brands[*].name</arg>
<doc>Get Value From JSON using JSONPath</doc>
<msg timestamp="20211008 10:03:55.535" level="INFO">${brands_name} = []</msg>
<status status="PASS" starttime="20211008 10:03:55.505" endtime="20211008 10:03:55.535"/>
</kw>
<kw name="Get Value From Json" library="JSONLibrary">
<var>${brands_score}</var>
<arg>${response}</arg>
<arg>$..brands[*].scored</arg>
<doc>Get Value From JSON using JSONPath</doc>
<msg timestamp="20211008 10:03:55.558" level="INFO">${brands_score} = []</msg>
<status status="PASS" starttime="20211008 10:03:55.536" endtime="20211008 10:03:55.558"/>
</kw>
<kw name="Create Dictionary" library="BuiltIn">
<var>${brands_data_dict}</var>
<doc>Creates and returns a dictionary based on the given ``items``.</doc>
<msg timestamp="20211008 10:03:55.558" level="INFO">${brands_data_dict} = {}</msg>
<status status="PASS" starttime="20211008 10:03:55.558" endtime="20211008 10:03:55.558"/>
</kw>
<for flavor="IN RANGE">
<var>${i}</var>
<value>len(${brands_name})</value>
<status status="PASS" starttime="20211008 10:03:55.558" endtime="20211008 10:03:55.558"/>
</for>
<msg timestamp="20211008 10:03:55.559" level="INFO">${brands_data_dict} = {}</msg>
<status status="PASS" starttime="20211008 10:03:55.504" endtime="20211008 10:03:55.559"/>
</kw>
<kw name="Get category data from suggestion with search by keyword" library="search_api">
<var>${categories_data_dict}</var>
<arg>${response}</arg>
<kw name="Get Value From Json" library="JSONLibrary">
<var>${categories_url}</var>
<arg>${response}</arg>
<arg>$..categories[*].categoryUrl</arg>
<doc>Get Value From JSON using JSONPath</doc>
<msg timestamp="20211008 10:03:55.576" level="INFO">${categories_url} = []</msg>
<status status="PASS" starttime="20211008 10:03:55.559" endtime="20211008 10:03:55.577"/>
</kw>
<kw name="Get Value From Json" library="JSONLibrary">
<var>${categories_score}</var>
<arg>${response}</arg>
<arg>$..categories[*].scored</arg>
<doc>Get Value From JSON using JSONPath</doc>
<msg timestamp="20211008 10:03:55.594" level="INFO">${categories_score} = []</msg>
<status status="PASS" starttime="20211008 10:03:55.577" endtime="20211008 10:03:55.594"/>
</kw>
<kw name="Create Dictionary" library="BuiltIn">
<var>${categories_data_dict}</var>
<doc>Creates and returns a dictionary based on the given ``items``.</doc>
<msg timestamp="20211008 10:03:55.595" level="INFO">${categories_data_dict} = {}</msg>
<status status="PASS" starttime="20211008 10:03:55.594" endtime="20211008 10:03:55.595"/>
</kw>
<for flavor="IN RANGE">
<var>${i}</var>
<value>len(${categories_url})</value>
<status status="PASS" starttime="20211008 10:03:55.595" endtime="20211008 10:03:55.595"/>
</for>
<msg timestamp="20211008 10:03:55.595" level="INFO">${categories_data_dict} = {}</msg>
<status status="PASS" starttime="20211008 10:03:55.559" endtime="20211008 10:03:55.595"/>
</kw>
<kw name="Get product data from suggestion with search by keyword" library="search_api">
<var>${products_name_list}</var>
<var>${products_price_list}</var>
<arg>${response}</arg>
<kw name="Get Value From Json" library="JSONLibrary">
<var>${products_sku}</var>
<arg>${response}</arg>
<arg>$..products[*].meta.sku</arg>
<doc>Get Value From JSON using JSONPath</doc>
<msg timestamp="20211008 10:03:55.613" level="INFO">${products_sku} = []</msg>
<status status="PASS" starttime="20211008 10:03:55.595" endtime="20211008 10:03:55.614"/>
</kw>
<kw name="Get Value From Json" library="JSONLibrary">
<var>${products_name}</var>
<arg>${response}</arg>
<arg>$..products[*].meta.name</arg>
<doc>Get Value From JSON using JSONPath</doc>
<msg timestamp="20211008 10:03:55.632" level="INFO">${products_name} = []</msg>
<status status="PASS" starttime="20211008 10:03:55.614" endtime="20211008 10:03:55.632"/>
</kw>
<kw name="Get Value From Json" library="JSONLibrary">
<var>${products_price}</var>
<arg>${response}</arg>
<arg>$..products[*].meta.price</arg>
<doc>Get Value From JSON using JSONPath</doc>
<msg timestamp="20211008 10:03:55.651" level="INFO">${products_price} = []</msg>
<status status="PASS" starttime="20211008 10:03:55.632" endtime="20211008 10:03:55.651"/>
</kw>
<kw name="Get Value From Json" library="JSONLibrary">
<var>${products_special_price}</var>
<arg>${response}</arg>
<arg>$..products[*].meta.special_price</arg>
<doc>Get Value From JSON using JSONPath</doc>
<msg timestamp="20211008 10:03:55.671" level="INFO">${products_special_price} = []</msg>
<status status="PASS" starttime="20211008 10:03:55.651" endtime="20211008 10:03:55.671"/>
</kw>
<kw name="Create List" library="BuiltIn">
<var>${products_name_list}</var>
<doc>Returns a list containing given items.</doc>
<msg timestamp="20211008 10:03:55.672" level="INFO">${products_name_list} = []</msg>
<status status="PASS" starttime="20211008 10:03:55.672" endtime="20211008 10:03:55.672"/>
</kw>
<kw name="Create List" library="BuiltIn">
<var>${products_price_list}</var>
<doc>Returns a list containing given items.</doc>
<msg timestamp="20211008 10:03:55.673" level="INFO">${products_price_list} = []</msg>
<status status="PASS" starttime="20211008 10:03:55.673" endtime="20211008 10:03:55.673"/>
</kw>
<for flavor="IN RANGE">
<var>${i}</var>
<value>len(${products_sku})</value>
<status status="PASS" starttime="20211008 10:03:55.673" endtime="20211008 10:03:55.673"/>
</for>
<msg timestamp="20211008 10:03:55.673" level="INFO">${products_name_list} = []</msg>
<msg timestamp="20211008 10:03:55.673" level="INFO">${products_price_list} = []</msg>
<status status="PASS" starttime="20211008 10:03:55.595" endtime="20211008 10:03:55.673"/>
</kw>
<kw name="Set Test Variable" library="BuiltIn">
<arg>${api_brands_dict}</arg>
<arg>${brands_data_dict}</arg>
<doc>Makes a variable available everywhere within the scope of the current test.</doc>
<msg timestamp="20211008 10:03:55.675" level="INFO">${api_brands_dict} = {}</msg>
<status status="PASS" starttime="20211008 10:03:55.674" endtime="20211008 10:03:55.675"/>
</kw>
<kw name="Set Test Variable" library="BuiltIn">
<arg>${api_categories_dict}</arg>
<arg>${categories_data_dict}</arg>
<doc>Makes a variable available everywhere within the scope of the current test.</doc>
<msg timestamp="20211008 10:03:55.676" level="INFO">${api_categories_dict} = {}</msg>
<status status="PASS" starttime="20211008 10:03:55.675" endtime="20211008 10:03:55.676"/>
</kw>
<kw name="Set Test Variable" library="BuiltIn">
<arg>${api_products_name_list}</arg>
<arg>${products_name_list}</arg>
<doc>Makes a variable available everywhere within the scope of the current test.</doc>
<msg timestamp="20211008 10:03:55.677" level="INFO">${api_products_name_list} = []</msg>
<status status="PASS" starttime="20211008 10:03:55.676" endtime="20211008 10:03:55.677"/>
</kw>
<kw name="Set Test Variable" library="BuiltIn">
<arg>${api_products_price_list}</arg>
<arg>${products_price_list}</arg>
<doc>Makes a variable available everywhere within the scope of the current test.</doc>
<msg timestamp="20211008 10:03:55.678" level="INFO">${api_products_price_list} = []</msg>
<status status="PASS" starttime="20211008 10:03:55.677" endtime="20211008 10:03:55.678"/>
</kw>
<status status="PASS" starttime="20211008 10:03:55.272" endtime="20211008 10:03:55.678"/>
</kw>
<kw name="Search product with keyword" library="header_fragment_functions">
<arg>${search_keyword}</arg>
<kw name="Click search button" library="header_fragment">
<doc>Click search button in header fragment</doc>
<kw name="Click Element" library="common_android_keywords">
<arg>${headerFragmentLocator}[btn_search]</arg>
<doc>Click to target element
${locator} - Locator of target element
${timeout} - Waiting time for target element visible</doc>
<kw name="Wait Until Element Is Visible" library="AppiumLibrary">
<arg>${locator}</arg>
<arg>timeout=${timeout}</arg>
<doc>Waits until element specified with `locator` is visible.</doc>
<status status="PASS" starttime="20211008 10:03:55.681" endtime="20211008 10:03:57.713"/>
</kw>
<kw name="Click Element" library="AppiumLibrary">
<arg>${locator}</arg>
<doc>Click element identified by `locator`.</doc>
<msg timestamp="20211008 10:03:57.717" level="INFO">Clicking element 'android=UiSelector().resourceIdMatches(".*id/search_button$")'.</msg>
<status status="PASS" starttime="20211008 10:03:57.714" endtime="20211008 10:03:57.964"/>
</kw>
<status status="PASS" starttime="20211008 10:03:55.680" endtime="20211008 10:03:57.965"/>
</kw>
<status status="PASS" starttime="20211008 10:03:55.679" endtime="20211008 10:03:57.965"/>
</kw>
<kw name="Input search keyword in search box" library="header_fragment">
<arg>${keyword}</arg>
<doc>Input search keyword in search box</doc>
<kw name="Input Text" library="common_android_keywords">
<arg>${headerFragmentLocator}[input_search]</arg>
<arg>${keyword}</arg>
<doc>Input text into target element
${locator} - Locator of target element</doc>
<kw name="Wait Element Is Visible" library="common_android_keywords">
<arg>${locator}</arg>
<arg>${timeout}</arg>
<doc>Wait element is visible
android=UiSelector().resourceIdMatches(".*id/search_field$") - Locator of target element
30 - Waiting time for target element visible</doc>
<kw name="Wait Until Element Is Visible" library="AppiumLibrary">
<arg>${locator}</arg>
<arg>timeout=${timeout}</arg>
<doc>Waits until element specified with `locator` is visible.</doc>
<status status="PASS" starttime="20211008 10:03:57.976" endtime="20211008 10:03:58.748"/>
</kw>
<status status="PASS" starttime="20211008 10:03:57.974" endtime="20211008 10:03:58.748"/>
</kw>
<kw name="Input Text" library="AppiumLibrary">
<arg>${locator}</arg>
<arg>${text}</arg>
<doc>Types the given `text` into text field identified by `locator`.</doc>
<msg timestamp="20211008 10:03:58.754" level="INFO">Typing text 'Dior123@!#!' into text field 'android=UiSelector().resourceIdMatches(".*id/search_field$")'</msg>
<status status="PASS" starttime="20211008 10:03:58.749" endtime="20211008 10:03:59.535"/>
</kw>
<status status="PASS" starttime="20211008 10:03:57.971" endtime="20211008 10:03:59.535"/>
</kw>
<status status="PASS" starttime="20211008 10:03:57.966" endtime="20211008 10:03:59.536"/>
</kw>
<kw name="Click seach button in virtual keyboard" library="common_android_keywords">
<kw name="Press Keycode" library="AppiumLibrary">
<arg>66</arg>
<doc>Sends a press of keycode to the device.</doc>
<status status="PASS" starttime="20211008 10:03:59.537" endtime="20211008 10:04:00.073"/>
</kw>
<status status="PASS" starttime="20211008 10:03:59.536" endtime="20211008 10:04:00.073"/>
</kw>
<status status="PASS" starttime="20211008 10:03:55.679" endtime="20211008 10:04:00.073"/>
</kw>
<kw name="Run Keyword If" library="BuiltIn">
<arg>'${is_valid_data.lower()}'=='true'</arg>
<arg>Verify suggestion list show correctly on UI with valid data</arg>
<arg>${search_keyword}</arg>
<arg>ELSE</arg>
<arg>suggestion_page_functions.Verify search hint is displayed correctly</arg>
<doc>Runs the given keyword with the given arguments, if ``condition`` is true.</doc>
<kw name="Verify search hint is displayed correctly" library="suggestion_page_functions">
<kw name="Get search hint" library="suggestion_page">
<var>${search_hint}</var>
<doc>Get search hint</doc>
<kw name="Get Text" library="common_android_keywords">
<var>${search_hint}</var>
<arg>${suggestionPageLocator}[txt_search_hint]</arg>
<doc>Get text of target element
${locator} - Locator of target element</doc>
<kw name="Wait Element Is Visible" library="common_android_keywords">
<arg>${locator}</arg>
<doc>Wait element is visible
android=UiSelector().resourceIdMatches(".*id/search_hint$") - Locator of target element
${timeout} - Waiting time for target element visible</doc>
<kw name="Wait Until Element Is Visible" library="AppiumLibrary">
<arg>${locator}</arg>
<arg>timeout=${timeout}</arg>
<doc>Waits until element specified with `locator` is visible.</doc>
<status status="PASS" starttime="20211008 10:04:00.080" endtime="20211008 10:04:01.160"/>
</kw>
<status status="PASS" starttime="20211008 10:04:00.079" endtime="20211008 10:04:01.160"/>
</kw>
<kw name="Get Text" library="AppiumLibrary">
<var>${text}</var>
<arg>${locator}</arg>
<doc>Get element text (for hybrid and mobile browser use `xpath` locator, others might cause problem)</doc>
<msg timestamp="20211008 10:04:01.344" level="INFO">Element 'android=UiSelector().resourceIdMatches(".*id/search_hint$")' text is 'Search for something you want to wear 
E.g. Party Dresses' </msg>
<msg timestamp="20211008 10:04:01.344" level="INFO">${text} = Search for something you want to wear 
E.g. Party Dresses</msg>
<status status="PASS" starttime="20211008 10:04:01.161" endtime="20211008 10:04:01.344"/>
</kw>
<msg timestamp="20211008 10:04:01.345" level="INFO">${search_hint} = Search for something you want to wear 
E.g. Party Dresses</msg>
<status status="PASS" starttime="20211008 10:04:00.077" endtime="20211008 10:04:01.345"/>
</kw>
<msg timestamp="20211008 10:04:01.346" level="INFO">${search_hint} = Search for something you want to wear 
E.g. Party Dresses</msg>
<status status="PASS" starttime="20211008 10:04:00.075" endtime="20211008 10:04:01.346"/>
</kw>
<kw name="Should Contain" library="BuiltIn">
<arg>${search_hint}</arg>
<arg>${suggestion_page.label_search_hint}</arg>
<doc>Fails if ``container`` does not contain ``item`` one or more times.</doc>
<status status="PASS" starttime="20211008 10:04:01.346" endtime="20211008 10:04:01.348"/>
</kw>
<status status="PASS" starttime="20211008 10:04:00.075" endtime="20211008 10:04:01.348"/>
</kw>
<status status="PASS" starttime="20211008 10:04:00.073" endtime="20211008 10:04:01.348"/>
</kw>
<status status="PASS" starttime="20211008 10:03:47.041" endtime="20211008 10:04:01.349"/>
</kw>
<kw name="Run Keywords" library="BuiltIn" type="TEARDOWN">
<arg>common_android_keywords.Close SuperSport Application</arg>
<doc>Executes all the given keywords in a sequence.</doc>
<kw name="Close SuperSport Application" library="common_android_keywords">
<doc>Close current application while Appium session running</doc>
<kw name="Run Keyword And Ignore Error" library="BuiltIn">
<arg>AppiumLibrary.Close Application</arg>
<doc>Runs the given keyword with the given arguments and ignores possible error.</doc>
<kw name="Close Application" library="AppiumLibrary">
<doc>Closes the current application and also close webdriver session.</doc>
<status status="PASS" starttime="20211008 10:04:01.353" endtime="20211008 10:04:01.895"/>
</kw>
<status status="PASS" starttime="20211008 10:04:01.352" endtime="20211008 10:04:01.895"/>
</kw>
<status status="PASS" starttime="20211008 10:04:01.351" endtime="20211008 10:04:01.895"/>
</kw>
<status status="PASS" starttime="20211008 10:04:01.350" endtime="20211008 10:04:01.895"/>
</kw>
<tag>search_function</tag>
<tag>TC1</tag>
<status status="PASS" starttime="20211008 10:03:36.244" endtime="20211008 10:04:01.895"/>
</test>
<test id="s1-s1-t2" name="Guest with valid search keyword">
<kw name="Open SuperSport Application" library="common_android_keywords" type="SETUP">
<arg>${device_info.cuc_device}</arg>
<kw name="Create Dictionary" library="BuiltIn">
<var>${device_data_dict}</var>
<arg>deviceName</arg>
<arg>${device_data.deviceName}</arg>
<arg>platformName</arg>
<arg>${device_data.platformName}</arg>
<arg>platformVersion</arg>
<arg>${device_data.platformVersion}</arg>
<arg>app</arg>
<arg>${device_data.app}</arg>
<arg>newCommandTimeout</arg>
<arg>${device_data.newCommandTimeout}</arg>
<arg>noReset</arg>
<arg>${device_data.noReset}</arg>
<arg>autoGrantPermissions</arg>
<arg>${device_data.autoGrantPermissions}</arg>
<doc>Creates and returns a dictionary based on the given ``items``.</doc>
<msg timestamp="20211008 10:04:01.901" level="INFO">${device_data_dict} = {'deviceName': '988a1b364b49464d55', 'platformName': 'android', 'platformVersion': '9', 'app': 'C:/Users/Public/SuperSportApp/SuperSport.apk', 'newCommandTimeout': 300, 'noReset': False, 'autoGrantPer...</msg>
<status status="PASS" starttime="20211008 10:04:01.898" endtime="20211008 10:04:01.901"/>
</kw>
<kw name="Open Application" library="AppiumLibrary">
<arg>http://localhost:4723/wd/hub</arg>
<arg>&amp;{device_data_dict}</arg>
<doc>Opens a new application to given Appium server.
Capabilities of appium server, Android and iOS,
Please check https://github.com/appium/appium/blob/master/docs/en/writing-running-appium/server-args.md
| *Option*            | *Man.* | *Description*     |
| remote_url          | Yes    | Appium server url |
| alias               | no     | alias             |</doc>
<status status="PASS" starttime="20211008 10:04:01.901" endtime="20211008 10:04:12.613"/>
</kw>
<status status="PASS" starttime="20211008 10:04:01.898" endtime="20211008 10:04:12.613"/>
</kw>
<kw name="Template - Member verify suggestion list show correctly on UI">
<arg>guest</arg>
<arg>nike</arg>
<arg>True</arg>
<kw name="Run Keyword If" library="BuiltIn">
<arg>'${user_type.lower()}'=='member'</arg>
<arg>common_android_functions.Launch SuperSport application, select language and log in</arg>
<arg>${customer_email}</arg>
<arg>${customer_password}</arg>
<arg>ELSE</arg>
<arg>common_android_functions.Launch SuperSport application, select language and click skip button</arg>
<doc>Runs the given keyword with the given arguments, if ``condition`` is true.</doc>
<kw name="Launch SuperSport application, select language and click skip button" library="common_android_functions">
<doc>Launch application,select english language and click skip button</doc>
<kw name="Launch SuperSport Application" library="common_android_keywords">
<doc>Launch application while Appium session running</doc>
<kw name="Launch Application" library="AppiumLibrary">
<doc>Launch application. Application can be launched while Appium session running.
This keyword can be used to launch application during test case or between test cases.</doc>
<status status="PASS" starttime="20211008 10:04:12.617" endtime="20211008 10:04:15.561"/>
</kw>
<status status="PASS" starttime="20211008 10:04:12.617" endtime="20211008 10:04:15.561"/>
</kw>
<kw name="Select english language" library="common_android_keywords">
<doc>Select english language at welcome page</doc>
<kw name="Click Element" library="common_android_keywords">
<arg>${commonPageLocator}[btn_english_language]</arg>
<doc>Click to target element
${locator} - Locator of target element
${timeout} - Waiting time for target element visible</doc>
<kw name="Wait Until Element Is Visible" library="AppiumLibrary">
<arg>${locator}</arg>
<arg>timeout=${timeout}</arg>
<doc>Waits until element specified with `locator` is visible.</doc>
<status status="PASS" starttime="20211008 10:04:15.563" endtime="20211008 10:04:17.705"/>
</kw>
<kw name="Click Element" library="AppiumLibrary">
<arg>${locator}</arg>
<doc>Click element identified by `locator`.</doc>
<msg timestamp="20211008 10:04:17.707" level="INFO">Clicking element 'android=UiSelector().resourceIdMatches(".*id/splash_item_name$").text("ENGLISH")'.</msg>
<status status="PASS" starttime="20211008 10:04:17.705" endtime="20211008 10:04:18.590"/>
</kw>
<status status="PASS" starttime="20211008 10:04:15.563" endtime="20211008 10:04:18.590"/>
</kw>
<status status="PASS" starttime="20211008 10:04:15.561" endtime="20211008 10:04:18.590"/>
</kw>
<kw name="Click skip button" library="login_page">
<doc>Click skip button</doc>
<kw name="Click Element" library="common_android_keywords">
<arg>${loginPageLocator}[btn_skip]</arg>
<doc>Click to target element
${locator} - Locator of target element
${timeout} - Waiting time for target element visible</doc>
<kw name="Wait Until Element Is Visible" library="AppiumLibrary">
<arg>${locator}</arg>
<arg>timeout=${timeout}</arg>
<doc>Waits until element specified with `locator` is visible.</doc>
<status status="PASS" starttime="20211008 10:04:18.593" endtime="20211008 10:04:20.761"/>
</kw>
<kw name="Click Element" library="AppiumLibrary">
<arg>${locator}</arg>
<doc>Click element identified by `locator`.</doc>
<msg timestamp="20211008 10:04:20.763" level="INFO">Clicking element 'android=UiSelector().resourceIdMatches(".*id/skip_button$")'.</msg>
<status status="PASS" starttime="20211008 10:04:20.761" endtime="20211008 10:04:21.501"/>
</kw>
<status status="PASS" starttime="20211008 10:04:18.592" endtime="20211008 10:04:21.502"/>
</kw>
<status status="PASS" starttime="20211008 10:04:18.590" endtime="20211008 10:04:21.502"/>
</kw>
<status status="PASS" starttime="20211008 10:04:12.616" endtime="20211008 10:04:21.502"/>
</kw>
<status status="PASS" starttime="20211008 10:04:12.615" endtime="20211008 10:04:21.502"/>
</kw>
<kw name="Get suggestion data with search by keyword" library="search_api">
<arg>${search_keyword}</arg>
<kw name="Get response for suggestion data with search by keyword" library="search_api">
<var>${response}</var>
<arg>${keyword}</arg>
<arg>${catalog_type}</arg>
<arg>${shop_type}</arg>
<kw name="Create Dictionary" library="BuiltIn">
<var>&amp;{header}</var>
<arg>Accept=application/json</arg>
<arg>Content-Type=application/json</arg>
<doc>Creates and returns a dictionary based on the given ``items``.</doc>
<msg timestamp="20211008 10:04:21.505" level="INFO">&amp;{header} = { Accept=application/json | Content-Type=application/json }</msg>
<status status="PASS" starttime="20211008 10:04:21.504" endtime="20211008 10:04:21.505"/>
</kw>
<kw name="Create Dictionary" library="BuiltIn">
<var>&amp;{query}</var>
<arg>q=${keyword}</arg>
<arg>catalogtype=${catalogtype}</arg>
<arg>shoptype=${shoptype}</arg>
<doc>Creates and returns a dictionary based on the given ``items``.</doc>
<msg timestamp="20211008 10:04:21.506" level="INFO">&amp;{query} = { q=nike | catalogtype=Main | shoptype=1 }</msg>
<status status="PASS" starttime="20211008 10:04:21.505" endtime="20211008 10:04:21.506"/>
</kw>
<kw name="Set Variable" library="BuiltIn">
<var>${seach_end_point}</var>
<arg>${api_end_point}/_c/search/suggest_with_product?</arg>
<doc>Returns the given values which can then be assigned to a variables.</doc>
<msg timestamp="20211008 10:04:21.507" level="INFO">${seach_end_point} = https://en.supersports.co.th/_c/search/suggest_with_product?</msg>
<status status="PASS" starttime="20211008 10:04:21.506" endtime="20211008 10:04:21.507"/>
</kw>
<kw name="Get" library="REST">
<var>${response}</var>
<arg>endpoint=${seach_end_point}</arg>
<arg>query=&amp;{query}</arg>
<arg>headers=&amp;{header}</arg>
<tag>http</tag>
<doc>*Sends a GET request to the endpoint.*</doc>
<msg timestamp="20211008 10:04:21.692" level="INFO">${response} = {'seconds': 0.161082, 'status': 200, 'body': ['nike', {'brands': [{'brandUrl': 'nike', 'name': 'NIKE', 'scored': 4648}], 'categories': [{'categoryUrl': '/shop/sports/', 'name': 'กีฬา', 'scored': 2329}...</msg>
<status status="PASS" starttime="20211008 10:04:21.507" endtime="20211008 10:04:21.692"/>
</kw>
<kw name="Integer" library="REST">
<arg>response status</arg>
<arg>200</arg>
<tag>assertions</tag>
<doc>*Asserts the field as JSON integer.*</doc>
<status status="PASS" starttime="20211008 10:04:21.693" endtime="20211008 10:04:21.695"/>
</kw>
<kw name="Output" library="REST">
<var>${response}</var>
<arg>response body</arg>
<tag>I/O</tag>
<doc>*Outputs JSON to terminal or a file.*</doc>
<msg timestamp="20211008 10:04:21.702" level="INFO">
[
    "nike",
    {
        "brands": [
            {
                "brandUrl": "nike",
                "name": "NIKE",
                "scored": 4648
            }
        ],
        "categories": [
            {
                "categoryUrl": "/shop/sports/",
                "name": "กีฬา",
                "scored": 2329
            },
            {
                "categoryUrl": "/shop/sports/sports/",
                "name": "กีฬา",
                "scored": 2326
            },
            {
                "categoryUrl": "/shop/men/",
                "name": "ผู้ชาย",
                "scored": 1284
            },
            {
                "categoryUrl": "/shop/men/men/",
                "name": "ผู้ชาย",
                "scored": 1284
            },
            {
                "categoryUrl": "/shop/footwear/",
                "name": "รองเท้า",
                "scored": 953
            }
        ],
        "products": [
            {
                "meta": {
                    "sku": "NI083AP218BPTH",
                    "max_saving_percentage": "50",
                    "brand": "NIKE",
                    "name": "NIKE เสื้อแข่งผู้ชายทีมลิเวอร์พูล เอฟซี ชุดเหย้า เกรด Stadium ฤดูกาล 2020/21",
                    "special_price": "1,450",
                    "price": "2,900",
                    "activated_at": "2020-08-06 05:54:45",
                    "short_description": "&lt;ul style=\"box-sizing: border-box; margin-top: 0px; margin-bottom: 10px; color: #676767; font-family: 'Helvetica Neue', Helvetica, Arial, sans-serif; font-size: 14px;\"&gt;&lt;br&gt;&lt;li style=\"box-sizing: border-box; list-style-type: disc; line-height: 20px; margin-left: 20px;\"&gt;ตัดเย็บจากผ้าโพลีเอสเตอร์ 100%&lt;/li&gt;&lt;br&gt;&lt;li style=\"box-sizing: border-box; list-style-type: disc; line-height: 20px; margin-left: 20px;\"&gt;เทคโนโลยีผ้า Dri-FIT ช่วยดูดซึมเหงื่อและระบายอากาศได้อย่างรวดเร็ว&lt;/li&gt;&lt;br&gt;&lt;li style=\"box-sizing: border-box; list-style-type: disc; line-height: 20px; margin-left: 20px;\"&gt;สกรีนสปอร์นเซอร์และทอตราสโมสร Liverpool FC บนหน้าอก&lt;/li&gt;&lt;br&gt;&lt;li style=\"box-sizing: border-box; list-style-type: disc; line-height: 20px; margin-left: 20px;\"&gt;ทรง Standard fit หลวมใส่สบาย&lt;/li&gt;&lt;br&gt;&lt;li style=\"box-sizing: border-box; list-style-type: disc; line-height: 20px; margin-left: 20px;\"&gt;เสื้อแข่งเกรด Stadium&lt;/li&gt;&lt;br&gt;&lt;li style=\"box-sizing: border-box; list-style-type: disc; line-height: 20px; margin-left: 20px;\"&gt;เสื้อบอล NIKE&lt;/li&gt;&lt;br&gt;&lt;li style=\"box-sizing: border-box; list-style-type: disc; line-height: 20px; margin-left: 20px;\"&gt;เสื้อบอล Liverpool&lt;/li&gt;&lt;/ul&gt;&lt;br&gt;&lt;p style=\"box-sizing: border-box; margin: 0px 0px 10px; color: #676767; font-family: 'Helvetica Neue', Helvetica, Arial, sans-serif; font-size: 14px;\"&gt;&lt;strong style=\"box-sizing: border-box;\"&gt;รหัสสินค้า : CZ2636-687&lt;/strong&gt;&lt;/p&gt;&lt;br&gt;&lt;p style=\"box-sizing: border-box; margin: 0px 0px 10px; color: #676767; font-family: 'Helvetica Neue', Helvetica, Arial, sans-serif; font-size: 14px;\"&gt;&lt;strong style=\"box-sizing: border-box;\"&gt;สีแดง&lt;/strong&gt;&lt;/p&gt;",
                    "max_price": "2,900",
                    "grouped_products": "NI083AP218BPTH|NI083AP222BPTH",
                    "sizesystembrand": "US",
                    "sizesystembrand_position": "2",
                    "id_catalog_config": "73068",
                    "sub_cat_type_id": "255",
                    "gender_id": "1",
                    "attribute_set_id": "6",
                    "categories": "2|3|17|22|138|162",
                    "max_special_price": "1,450",
                    "color_family": "แดง"
                },
                "link": "nike-nike-%E0%B9%80%E0%B8%AA%E0%B8%B7%E0%B9%89%E0%B8%AD%E0%B9%81%E0%B8%82%E0%B9%88%E0%B8%87%E0%B8%9C%E0%B8%B9%E0%B9%89%E0%B8%8A%E0%B8%B2%E0%B8%A2%E0%B8%97%E0%B8%B5%E0%B8%A1%E0%B8%A5%E0%B8%B4%E0%B9%80%E0%B8%A7%E0%B8%AD%E0%B8%A3%E0%B9%8C%E0%B8%9E%E0%B8%B9%E0%B8%A5-%E0%B9%80%E0%B8%AD%E0%B8%9F%E0%B8%8B%E0%B8%B5-%E0%B8%8A%E0%B8%B8%E0%B8%94%E0%B9%80%E0%B8%AB%E0%B8%A2%E0%B9%89%E0%B8%B2-%E0%B9%80%E0%B8%81%E0%B8%A3%E0%B8%94-stadium-%E0%B8%A4%E0%B8%94%E0%B8%B9%E0%B8%81%E0%B8%B2%E0%B8%A5-2020%2F21-%E0%B9%81%E0%B8%94%E0%B8%87-73068.html",
                "image": "http://static-catalog.supersports.co.th/p/nike-2950-86037-1",
                "image_gallery": "https://thumbor-live.supersports.co.th/On2VBOljdcsHHM6qxT0eC8Uba78=/fit-in/44x44/filters:quality(90):fill(ffffff)/http://static-catalog.supersports.co.th/p/nike-2950-86037-1.jpg",
                "image_extra": [
                    {
                        "url": "https://thumbor-live.supersports.co.th/fQy7IkfKdD7gqcMuWI7ccbpNAcc=/fit-in/236x345/filters:quality(90):fill(ffffff)/http://static-catalog.supersports.co.th/p/nike-2952-86037-2.jpg"
                    },
                    {
                        "url": "https://thumbor-live.supersports.co.th/DKgur_5a2go8qEh8n6YbZWUfJp0=/fit-in/236x345/filters:quality(90):fill(ffffff)/http://static-catalog.supersports.co.th/p/nike-2956-86037-3.jpg"
                    },
                    {
                        "url": "https://thumbor-live.supersports.co.th/TtHvVBB5G4cwuvgixKE9YQFEvhM=/fit-in/236x345/filters:quality(90):fill(ffffff)/http://static-catalog.supersports.co.th/p/nike-2958-86037-4.jpg"
                    },
                    {
                        "url": "https://thumbor-live.supersports.co.th/a9YWlcSd67SZtHRkCi_RO4WGU0w=/fit-in/236x345/filters:quality(90):fill(ffffff)/http://static-catalog.supersports.co.th/p/nike-2962-86037-5.jpg"
                    },
                    {
                        "url": "https://thumbor-live.supersports.co.th/XVEgWOz9B69yW0YBq_n2CW735-s=/fit-in/236x345/filters:quality(90):fill(ffffff)/http://static-catalog.supersports.co.th/p/nike-2964-86037-6.jpg"
                    },
                    {
                        "url": "https://thumbor-live.supersports.co.th/dDz1xtYQgKK_ix-IQXNKYAyYqS0=/fit-in/236x345/filters:quality(90):fill(ffffff)/http://static-catalog.supersports.co.th/p/nike-2973-86037-7.jpg"
                    },
                    {
                        "url": "https://thumbor-live.supersports.co.th/evQ2M35pWlo_gdgidki_zEiHIRo=/fit-in/236x345/filters:quality(90):fill(ffffff)/http://static-catalog.supersports.co.th/p/nike-2974-86037-8.jpg"
                    }
                ],
                "overlay": [],
                "simples": {
                    "NI083AP218BPTH-9097800": {
                        "meta": {
                            "sku": "NI083AP218BPTH-9097800",
                            "quantity": "108",
                            "size": "",
                            "size_position": "2",
                            "price": "2900.00",
                            "special_price": "1450.00",
                            "size_brand": "",
                            "max_special_price": ""
                        },
                        "attributes": {
                            "color_url_key": null,
                            "size": "S"
                        }
                    },
                    "NI083AP218BPTH-9097801": {
                        "meta": {
                            "sku": "NI083AP218BPTH-9097801",
                            "quantity": "40",
                            "size": "",
                            "size_position": "5",
                            "price": "2900.00",
                            "special_price": "1450.00",
                            "size_brand": "",
                            "max_special_price": ""
                        },
                        "attributes": {
                            "color_url_key": null,
                            "size": "M"
                        }
                    },
                    "NI083AP218BPTH-9097802": {
                        "meta": {
                            "sku": "NI083AP218BPTH-9097802",
                            "quantity": "0",
                            "size": "",
                            "size_position": "7",
                            "price": "2900.00",
                            "special_price": "1450.00",
                            "size_brand": "",
                            "max_special_price": ""
                        },
                        "attributes": {
                            "color_url_key": null,
                            "size": "L"
                        }
                    },
                    "NI083AP218BPTH-9097803": {
                        "meta": {
                            "sku": "NI083AP218BPTH-9097803",
                            "quantity": "5",
                            "size": "",
                            "size_position": "9",
                            "price": "2900.00",
                            "special_price": "1450.00",
                            "size_brand": "",
                            "max_special_price": ""
                        },
                        "attributes": {
                            "color_url_key": null,
                            "size": "XL"
                        }
                    },
                    "NI083AP218BPTH-9097804": {
                        "meta": {
                            "sku": "NI083AP218BPTH-9097804",
                            "quantity": "",
                            "size": "",
                            "size_position": "389",
                            "price": "2900.00",
                            "special_price": "1450.00",
                            "size_brand": "",
                            "max_special_price": ""
                        },
                        "attributes": {
                            "color_url_key": null,
                            "size": "2XL"
                        }
                    },
                    "NI083AP218BPTH-9097805": {
                        "meta": {
                            "sku": "NI083AP218BPTH-9097805",
                            "quantity": "",
                            "size": "",
                            "size_position": "371",
                            "price": "2900.00",
                            "special_price": "1450.00",
                            "size_brand": "",
                            "max_special_price": ""
                        },
                        "attributes": {
                            "color_url_key": null,
                            "size": "3XL"
                        }
                    }
                },
                "is_new": false,
                "images": [
                    {
                        "url": "http://static-catalog.supersports.co.th/p/nike-2950-86037-1"
                    },
                    {
                        "url": "https://thumbor-live.supersports.co.th/fQy7IkfKdD7gqcMuWI7ccbpNAcc=/fit-in/236x345/filters:quality(90):fill(ffffff)/http://static-catalog.supersports.co.th/p/nike-2952-86037-2.jpg"
                    },
                    {
                        "url": "https://thumbor-live.supersports.co.th/DKgur_5a2go8qEh8n6YbZWUfJp0=/fit-in/236x345/filters:quality(90):fill(ffffff)/http://static-catalog.supersports.co.th/p/nike-2956-86037-3.jpg"
                    },
                    {
                        "url": "https://thumbor-live.supersports.co.th/TtHvVBB5G4cwuvgixKE9YQFEvhM=/fit-in/236x345/filters:quality(90):fill(ffffff)/http://static-catalog.supersports.co.th/p/nike-2958-86037-4.jpg"
                    },
                    {
                        "url": "https://thumbor-live.supersports.co.th/a9YWlcSd67SZtHRkCi_RO4WGU0w=/fit-in/236x345/filters:quality(90):fill(ffffff)/http://static-catalog.supersports.co.th/p/nike-2962-86037-5.jpg"
                    },
                    {
                        "url": "https://thumbor-live.supersports.co.th/XVEgWOz9B69yW0YBq_n2CW735-s=/fit-in/236x345/filters:quality(90):fill(ffffff)/http://static-catalog.supersports.co.th/p/nike-2964-86037-6.jpg"
                    },
                    {
                        "url": "https://thumbor-live.supersports.co.th/dDz1xtYQgKK_ix-IQXNKYAyYqS0=/fit-in/236x345/filters:quality(90):fill(ffffff)/http://static-catalog.supersports.co.th/p/nike-2973-86037-7.jpg"
                    },
                    {
                        "url": "https://thumbor-live.supersports.co.th/evQ2M35pWlo_gdgidki_zEiHIRo=/fit-in/236x345/filters:quality(90):fill(ffffff)/http://static-catalog.supersports.co.th/p/nike-2974-86037-8.jpg"
                    }
                ],
                "available_sizes": [],
                "special_price_prefix": "",
                "special_price_suffix": "",
                "price_prefix": "",
                "saving": ""
            },
            {
                "meta": {
                    "sku": "NI083AP578CGTH",
                    "max_saving_percentage": "",
                    "brand": "NIKE",
                    "name": "NIKE เสื้อแข่งผู้ชายทีมลิเวอร์พูล เอฟซี ชุดเยือน เกรด Stadium ฤดูกาล 2021/22",
                    "special_price": "",
                    "price": "2,900",
                    "activated_at": "2021-07-15 00:02:41",
                    "short_description": "&lt;ul style=\"box-sizing: border-box; margin-top: 0px; margin-bottom: 10px; color: #676767; font-family: 'Helvetica Neue', Helvetica, Arial, sans-serif; font-size: 14px;\"&gt;\n&lt;li style=\"box-sizing: border-box; list-style-type: disc; line-height: 20px; margin-left: 20px;\"&gt;ตัดเย็บจากผ้าโพลีเอสเตอร์รีไซเคิล 100% ที่เป็นมิตรต่อสิ่งแวดล้อม&lt;/li&gt;\n&lt;li style=\"box-sizing: border-box; list-style-type: disc; line-height: 20px; margin-left: 20px;\"&gt;เทคโนโลยี Dri-FIT ช่วยดูดซับเหงื่อและความชื้นออกจากผิวหนังเพื่อคงความแห้งสบายตัว&lt;/li&gt;\n&lt;li style=\"box-sizing: border-box; list-style-type: disc; line-height: 20px; margin-left: 20px;\"&gt;ทอตราสโมสรบนหน้าอกเสื้อ&lt;/li&gt;\n&lt;li style=\"box-sizing: border-box; list-style-type: disc; line-height: 20px; margin-left: 20px;\"&gt;ทรง Slim fit กระชับเข้ารูป&lt;/li&gt;\n&lt;li style=\"box-sizing: border-box; list-style-type: disc; line-height: 20px; margin-left: 20px;\"&gt;เสื้อแข่งเกรดแฟนบอล (Stadium)&lt;/li&gt;\n&lt;li style=\"box-sizing: border-box; list-style-type: disc; line-height: 20px; margin-left: 20px;\"&gt;เสื้อบอล NIKE&lt;/li&gt;\n&lt;/ul&gt;\n&lt;p style=\"box-sizing: border-box; margin: 0px 0px 10px; color: #676767; font-family: 'Helvetica Neue', Helvetica, Arial, sans-serif; font-size: 14px;\"&gt;&lt;strong style=\"box-sizing: border-box;\"&gt;รหัสสินค้า : DB2558-111&lt;/strong&gt;&lt;/p&gt;\n&lt;p style=\"box-sizing: border-box; margin: 0px 0px 10px; color: #676767; font-family: 'Helvetica Neue', Helvetica, Arial, sans-serif; font-size: 14px;\"&gt;&lt;strong style=\"box-sizing: border-box;\"&gt;สีเทา/แดง&lt;/strong&gt;&lt;/p&gt;",
                    "max_price": "2,900",
                    "grouped_products": "NI083AP578CGTH",
                    "sizesystembrand": "US",
                    "sizesystembrand_position": "2",
                    "id_catalog_config": "98485",
                    "sub_cat_type_id": "255",
                    "gender_id": "1",
                    "attribute_set_id": "6",
                    "categories": "2|3|17|22|138|139|146|147|162|163|171|174",
                    "max_special_price": "",
                    "color_family": "เทา"
                },
                "link": "nike-nike-%E0%B9%80%E0%B8%AA%E0%B8%B7%E0%B9%89%E0%B8%AD%E0%B9%81%E0%B8%82%E0%B9%88%E0%B8%87%E0%B8%9C%E0%B8%B9%E0%B9%89%E0%B8%8A%E0%B8%B2%E0%B8%A2%E0%B8%97%E0%B8%B5%E0%B8%A1%E0%B8%A5%E0%B8%B4%E0%B9%80%E0%B8%A7%E0%B8%AD%E0%B8%A3%E0%B9%8C%E0%B8%9E%E0%B8%B9%E0%B8%A5-%E0%B9%80%E0%B8%AD%E0%B8%9F%E0%B8%8B%E0%B8%B5-%E0%B8%8A%E0%B8%B8%E0%B8%94%E0%B9%80%E0%B8%A2%E0%B8%B7%E0%B8%AD%E0%B8%99-%E0%B9%80%E0%B8%81%E0%B8%A3%E0%B8%94-stadium-%E0%B8%A4%E0%B8%94%E0%B8%B9%E0%B8%81%E0%B8%B2%E0%B8%A5-2021%2F22-%E0%B9%80%E0%B8%97%E0%B8%B2-98485.html",
                "image": "http://static-catalog.supersports.co.th/p/nike-2534-58489-1",
                "image_gallery": "https://thumbor-live.supersports.co.th/prB7cnlRnzYfEe3XDkzifgXaWTE=/fit-in/44x44/filters:quality(90):fill(ffffff)/http://static-catalog.supersports.co.th/p/nike-2534-58489-1.jpg",
                "image_extra": [
                    {
                        "url": "https://thumbor-live.supersports.co.th/CjbAKezEAoXaWTZo7EiLabcE8Aw=/fit-in/236x345/filters:quality(90):fill(ffffff)/http://static-catalog.supersports.co.th/p/nike-2535-58489-2.jpg"
                    },
                    {
                        "url": "https://thumbor-live.supersports.co.th/1wOUtFEfll2Csddm4EI0vqnPfls=/fit-in/236x345/filters:quality(90):fill(ffffff)/http://static-catalog.supersports.co.th/p/nike-2537-58489-3.jpg"
                    }
                ],
                "overlay": [],
                "simples": {
                    "NI083AP578CGTH-9249403": {
                        "meta": {
                            "sku": "NI083AP578CGTH-9249403",
                            "quantity": "10",
                            "size": "",
                            "size_position": "2",
                            "price": "2900.00",
                            "special_price": "",
                            "size_brand": "",
                            "max_special_price": ""
                        },
                        "attributes": {
                            "color_url_key": null,
                            "size": "S"
                        }
                    },
                    "NI083AP578CGTH-9249404": {
                        "meta": {
                            "sku": "NI083AP578CGTH-9249404",
                            "quantity": "58",
                            "size": "",
                            "size_position": "5",
                            "price": "2900.00",
                            "special_price": "",
                            "size_brand": "",
                            "max_special_price": ""
                        },
                        "attributes": {
                            "color_url_key": null,
                            "size": "M"
                        }
                    },
                    "NI083AP578CGTH-9249405": {
                        "meta": {
                            "sku": "NI083AP578CGTH-9249405",
                            "quantity": "25",
                            "size": "",
                            "size_position": "7",
                            "price": "2900.00",
                            "special_price": "",
                            "size_brand": "",
                            "max_special_price": ""
                        },
                        "attributes": {
                            "color_url_key": null,
                            "size": "L"
                        }
                    },
                    "NI083AP578CGTH-9249406": {
                        "meta": {
                            "sku": "NI083AP578CGTH-9249406",
                            "quantity": "23",
                            "size": "",
                            "size_position": "9",
                            "price": "2900.00",
                            "special_price": "",
                            "size_brand": "",
                            "max_special_price": ""
                        },
                        "attributes": {
                            "color_url_key": null,
                            "size": "XL"
                        }
                    },
                    "NI083AP578CGTH-9249407": {
                        "meta": {
                            "sku": "NI083AP578CGTH-9249407",
                            "quantity": "",
                            "size": "",
                            "size_position": "389",
                            "price": "2900.00",
                            "special_price": "",
                            "size_brand": "",
                            "max_special_price": ""
                        },
                        "attributes": {
                            "color_url_key": null,
                            "size": "2XL"
                        }
                    },
                    "NI083AP578CGTH-9249408": {
                        "meta": {
                            "sku": "NI083AP578CGTH-9249408",
                            "quantity": "",
                            "size": "",
                            "size_position": "371",
                            "price": "2900.00",
                            "special_price": "",
                            "size_brand": "",
                            "max_special_price": ""
                        },
                        "attributes": {
                            "color_url_key": null,
                            "size": "3XL"
                        }
                    }
                },
                "is_new": false,
                "images": [
                    {
                        "url": "http://static-catalog.supersports.co.th/p/nike-2534-58489-1"
                    },
                    {
                        "url": "https://thumbor-live.supersports.co.th/CjbAKezEAoXaWTZo7EiLabcE8Aw=/fit-in/236x345/filters:quality(90):fill(ffffff)/http://static-catalog.supersports.co.th/p/nike-2535-58489-2.jpg"
                    },
                    {
                        "url": "https://thumbor-live.supersports.co.th/1wOUtFEfll2Csddm4EI0vqnPfls=/fit-in/236x345/filters:quality(90):fill(ffffff)/http://static-catalog.supersports.co.th/p/nike-2537-58489-3.jpg"
                    }
                ],
                "available_sizes": [],
                "special_price_prefix": "",
                "special_price_suffix": "",
                "price_prefix": "",
                "saving": ""
            },
            {
                "meta": {
                    "sku": "NI083AP070CDTH",
                    "max_saving_percentage": "",
                    "brand": "NIKE",
                    "name": "NIKE เสื้อแข่งผู้ชายทีมลิเวอร์พูล ชุดเหย้า ฤดูกาล 2021/22",
                    "special_price": "",
                    "price": "2,900",
                    "activated_at": "2021-05-24 14:50:25",
                    "short_description": "&lt;ul style=\"box-sizing: border-box; margin-top: 0px; margin-bottom: 10px; color: #676767; font-family: 'Helvetica Neue', Helvetica, Arial, sans-serif; font-size: 14px;\"&gt;\n&lt;li style=\"box-sizing: border-box; list-style-type: disc; line-height: 20px; margin-left: 20px;\"&gt;ตัดเย็บจากผ้าโพลีเอสเตอร์ 100%&lt;/li&gt;\n&lt;li style=\"box-sizing: border-box; list-style-type: disc; line-height: 20px; margin-left: 20px;\"&gt;เทคโนโลยี Dri-FIT ช่วยดูดซับเหงื่อและระบายอากาศเพื่อความแห้งสบาย&lt;/li&gt;\n&lt;li style=\"box-sizing: border-box; list-style-type: disc; line-height: 20px; margin-left: 20px;\"&gt;สกรีนสปอร์นเซอร์และทอตราสโมสรบนอกเสื้อ&lt;/li&gt;\n&lt;li style=\"box-sizing: border-box; list-style-type: disc; line-height: 20px; margin-left: 20px;\"&gt;เสื้อแข่งเกรด Stadium&lt;/li&gt;\n&lt;li style=\"box-sizing: border-box; list-style-type: disc; line-height: 20px; margin-left: 20px;\"&gt;ทรง Slim fit กระชับเข้ารูป&lt;/li&gt;\n&lt;li style=\"box-sizing: border-box; list-style-type: disc; line-height: 20px; margin-left: 20px;\"&gt;เสื้อบอล NIKE&lt;/li&gt;\n&lt;/ul&gt;\n&lt;p style=\"box-sizing: border-box; margin: 0px 0px 10px; color: #676767; font-family: 'Helvetica Neue', Helvetica, Arial, sans-serif; font-size: 14px;\"&gt;&lt;strong style=\"box-sizing: border-box;\"&gt;รหัสสินค้า : DB2560-688&lt;/strong&gt;&lt;/p&gt;\n&lt;p style=\"box-sizing: border-box; margin: 0px 0px 10px; color: #676767; font-family: 'Helvetica Neue', Helvetica, Arial, sans-serif; font-size: 14px;\"&gt;&lt;strong style=\"box-sizing: border-box;\"&gt;สีแดง&lt;/strong&gt;&lt;/p&gt;",
                    "max_price": "2,900",
                    "grouped_products": "NI083AP070CDTH",
                    "sizesystembrand": "US",
                    "sizesystembrand_position": "2",
                    "id_catalog_config": "92118",
                    "sub_cat_type_id": "255",
                    "gender_id": "1",
                    "attribute_set_id": "6",
                    "categories": "2|3|17|22|138|139|146|147|162|163|171|174",
                    "max_special_price": "",
                    "color_family": "แดง"
                },
                "link": "nike-nike-%E0%B9%80%E0%B8%AA%E0%B8%B7%E0%B9%89%E0%B8%AD%E0%B9%81%E0%B8%82%E0%B9%88%E0%B8%87%E0%B8%9C%E0%B8%B9%E0%B9%89%E0%B8%8A%E0%B8%B2%E0%B8%A2%E0%B8%97%E0%B8%B5%E0%B8%A1%E0%B8%A5%E0%B8%B4%E0%B9%80%E0%B8%A7%E0%B8%AD%E0%B8%A3%E0%B9%8C%E0%B8%9E%E0%B8%B9%E0%B8%A5-%E0%B8%8A%E0%B8%B8%E0%B8%94%E0%B9%80%E0%B8%AB%E0%B8%A2%E0%B9%89%E0%B8%B2-%E0%B8%A4%E0%B8%94%E0%B8%B9%E0%B8%81%E0%B8%B2%E0%B8%A5-2021%2F22-%E0%B9%81%E0%B8%94%E0%B8%87-92118.html",
                "image": "http://static-catalog.supersports.co.th/p/nike-8650-81129-1",
                "image_gallery": "https://thumbor-live.supersports.co.th/SlmzhQ-8jdS6AIj_ADpOUsExxbY=/fit-in/44x44/filters:quality(90):fill(ffffff)/http://static-catalog.supersports.co.th/p/nike-8650-81129-1.jpg",
                "image_extra": [
                    {
                        "url": "https://thumbor-live.supersports.co.th/rUR6CfY_67KZQQEFjgXb1_YcOAU=/fit-in/236x345/filters:quality(90):fill(ffffff)/http://static-catalog.supersports.co.th/p/nike-8650-81129-2.jpg"
                    },
                    {
                        "url": "https://thumbor-live.supersports.co.th/5JC6qiKVPJ1Kxh6NQMD775vPAjw=/fit-in/236x345/filters:quality(90):fill(ffffff)/http://static-catalog.supersports.co.th/p/nike-8650-81129-3.jpg"
                    }
                ],
                "overlay": [],
                "simples": {
                    "NI083AP070CDTH-9216631": {
                        "meta": {
                            "sku": "NI083AP070CDTH-9216631",
                            "quantity": "89",
                            "size": "",
                            "size_position": "2",
                            "price": "2900.00",
                            "special_price": "",
                            "size_brand": "",
                            "max_special_price": ""
                        },
                        "attributes": {
                            "color_url_key": null,
                            "size": "S"
                        }
                    },
                    "NI083AP070CDTH-9216632": {
                        "meta": {
                            "sku": "NI083AP070CDTH-9216632",
                            "quantity": "259",
                            "size": "",
                            "size_position": "5",
                            "price": "2900.00",
                            "special_price": "",
                            "size_brand": "",
                            "max_special_price": ""
                        },
                        "attributes": {
                            "color_url_key": null,
                            "size": "M"
                        }
                    },
                    "NI083AP070CDTH-9216633": {
                        "meta": {
                            "sku": "NI083AP070CDTH-9216633",
                            "quantity": "268",
                            "size": "",
                            "size_position": "7",
                            "price": "2900.00",
                            "special_price": "",
                            "size_brand": "",
                            "max_special_price": ""
                        },
                        "attributes": {
                            "color_url_key": null,
                            "size": "L"
                        }
                    },
                    "NI083AP070CDTH-9216634": {
                        "meta": {
                            "sku": "NI083AP070CDTH-9216634",
                            "quantity": "127",
                            "size": "",
                            "size_position": "9",
                            "price": "2900.00",
                            "special_price": "",
                            "size_brand": "",
                            "max_special_price": ""
                        },
                        "attributes": {
                            "color_url_key": null,
                            "size": "XL"
                        }
                    },
                    "NI083AP070CDTH-9216635": {
                        "meta": {
                            "sku": "NI083AP070CDTH-9216635",
                            "quantity": "",
                            "size": "",
                            "size_position": "389",
                            "price": "2900.00",
                            "special_price": "",
                            "size_brand": "",
                            "max_special_price": ""
                        },
                        "attributes": {
                            "color_url_key": null,
                            "size": "2XL"
                        }
                    },
                    "NI083AP070CDTH-9216636": {
                        "meta": {
                            "sku": "NI083AP070CDTH-9216636",
                            "quantity": "",
                            "size": "",
                            "size_position": "371",
                            "price": "2900.00",
                            "special_price": "",
                            "size_brand": "",
                            "max_special_price": ""
                        },
                        "attributes": {
                            "color_url_key": null,
                            "size": "3XL"
                        }
                    }
                },
                "is_new": false,
                "images": [
                    {
                        "url": "http://static-catalog.supersports.co.th/p/nike-8650-81129-1"
                    },
                    {
                        "url": "https://thumbor-live.supersports.co.th/rUR6CfY_67KZQQEFjgXb1_YcOAU=/fit-in/236x345/filters:quality(90):fill(ffffff)/http://static-catalog.supersports.co.th/p/nike-8650-81129-2.jpg"
                    },
                    {
                        "url": "https://thumbor-live.supersports.co.th/5JC6qiKVPJ1Kxh6NQMD775vPAjw=/fit-in/236x345/filters:quality(90):fill(ffffff)/http://static-catalog.supersports.co.th/p/nike-8650-81129-3.jpg"
                    }
                ],
                "available_sizes": [],
                "special_price_prefix": "",
                "special_price_suffix": "",
                "price_prefix": "",
                "saving": ""
            },
            {
                "meta": {
                    "sku": "NI083SH352CFTH",
                    "max_saving_percentage": "",
                    "brand": "NIKE",
                    "name": "NIKE ZoomX Vaporfly Next% 2 รองเท้าวิ่งผู้ชาย",
                    "special_price": "",
                    "price": "7,500",
                    "activated_at": "2021-07-15 08:20:43",
                    "short_description": "&lt;ul style=\"box-sizing: border-box; margin-top: 0px; margin-bottom: 10px; color: #676767; font-family: 'Helvetica Neue', Helvetica, Arial, sans-serif; font-size: 14px;\"&gt;\n&lt;li style=\"box-sizing: border-box; list-style-type: disc; line-height: 20px; margin-left: 20px;\"&gt;รุ่นพิเศษเพื่อเฉลิมฉลองความสามัคคีของนักกีฬาทั่วโลก&lt;/li&gt;\n&lt;li style=\"box-sizing: border-box; list-style-type: disc; line-height: 20px; margin-left: 20px;\"&gt;แต่ง Swoosh ฉลองครบรอบ 50 ปีด้วยการผสานอดีตและปัจจุบันเข้าด้วยกัน&lt;/li&gt;\n&lt;li style=\"box-sizing: border-box; list-style-type: disc; line-height: 20px; margin-left: 20px;\"&gt;โฟม Nike ZoomX ช่วยส่งแรงกลับได้มากที่สุด&lt;/li&gt;\n&lt;li style=\"box-sizing: border-box; list-style-type: disc; line-height: 20px; margin-left: 20px;\"&gt;อัปเปอร์ดีไซน์ใหม่ด้วยผ้าตาข่ายมาวางในบริเวณที่ต้องการเป็นพิเศษ&lt;/li&gt;\n&lt;li style=\"box-sizing: border-box; list-style-type: disc; line-height: 20px; margin-left: 20px;\"&gt;โฟมด้านในที่ส้นเท้าช่วยลดแรงกระแทกอย่างนุ่มสบาย&lt;/li&gt;\n&lt;li style=\"box-sizing: border-box; list-style-type: disc; line-height: 20px; margin-left: 20px;\"&gt;แผ่นรองน้ำหนักเบาที่ลิ้นรองเท้าช่วยลดแรงกดของเชือกผูกรองเท้า\t&lt;/li&gt;\n&lt;li style=\"box-sizing: border-box; list-style-type: disc; line-height: 20px; margin-left: 20px;\"&gt;เชือกรองเท้าคล้องผ่านผ้าคาดด้านข้าง น้ำหนักเบา\t&lt;/li&gt;\n&lt;li style=\"box-sizing: border-box; list-style-type: disc; line-height: 20px; margin-left: 20px;\"&gt;บริเวณนิ้วเท้ากว้างขึ้นทำให้สวมใส่กระชับยิ่งขึ้น&lt;/li&gt;\n&lt;li style=\"box-sizing: border-box; list-style-type: disc; line-height: 20px; margin-left: 20px;\"&gt;ร่องดอกยางที่พื้นรองเท้าชั้นนอกเสริมการยึดเกาะพื้นผิวในสภาพอากาศที่หลากหลาย&lt;/li&gt;\n&lt;li style=\"box-sizing: border-box; list-style-type: disc; line-height: 20px; margin-left: 20px;\"&gt;รองเท้าวิ่ง NIKE&lt;/li&gt;\n&lt;/ul&gt;\n&lt;p style=\"box-sizing: border-box; margin: 0px 0px 10px; color: #676767; font-family: 'Helvetica Neue', Helvetica, Arial, sans-serif; font-size: 14px;\"&gt;&lt;strong style=\"box-sizing: border-box;\"&gt;รหัสสินค้า : DJ5457-100&lt;/strong&gt;&lt;/p&gt;\n&lt;p style=\"box-sizing: border-box; margin: 0px 0px 10px; color: #676767; font-family: 'Helvetica Neue', Helvetica, Arial, sans-serif; font-size: 14px;\"&gt;&lt;strong style=\"box-sizing: border-box;\"&gt;สีขาว/ดำ&lt;/strong&gt;&lt;/p&gt;",
                    "max_price": "7,500",
                    "grouped_products": "NI083SH022CCTH|NI083SH352CFTH",
                    "sizesystembrand": "US",
                    "sizesystembrand_position": "2",
                    "id_catalog_config": "97202",
                    "sub_cat_type_id": "255",
                    "gender_id": "1",
                    "attribute_set_id": "4",
                    "categories": "2|3|4|5|92|93|94|95|162|163|164|165|235|236|237|238|271|272|274|275",
                    "max_special_price": "",
                    "color_family": "ขาว"
                },
                "link": "nike-nike-zoomx-vaporfly-next%25-2-%E0%B8%A3%E0%B8%AD%E0%B8%87%E0%B9%80%E0%B8%97%E0%B9%89%E0%B8%B2%E0%B8%A7%E0%B8%B4%E0%B9%88%E0%B8%87%E0%B8%9C%E0%B8%B9%E0%B9%89%E0%B8%8A%E0%B8%B2%E0%B8%A2-%E0%B8%82%E0%B8%B2%E0%B8%A7-97202.html",
                "image": "http://static-catalog.supersports.co.th/p/nike-0452-20279-1",
                "image_gallery": "https://thumbor-live.supersports.co.th/Ie6GABYV602EBdyi75Sad15Cv0E=/fit-in/44x44/filters:quality(90):fill(ffffff)/http://static-catalog.supersports.co.th/p/nike-0452-20279-1.jpg",
                "image_extra": [
                    {
                        "url": "https://thumbor-live.supersports.co.th/OIl52iJnTl5RJbDZcODPd-zpCHo=/fit-in/236x345/filters:quality(90):fill(ffffff)/http://static-catalog.supersports.co.th/p/nike-0518-20279-2.jpg"
                    },
                    {
                        "url": "https://thumbor-live.supersports.co.th/h8-23wFjPiPWsQZ3Pr7xEKxlOGw=/fit-in/236x345/filters:quality(90):fill(ffffff)/http://static-catalog.supersports.co.th/p/nike-0524-20279-3.jpg"
                    },
                    {
                        "url": "https://thumbor-live.supersports.co.th/ggpAf2OJeWbl_aEWqwMlUYOKNWI=/fit-in/236x345/filters:quality(90):fill(ffffff)/http://static-catalog.supersports.co.th/p/nike-0525-20279-4.jpg"
                    },
                    {
                        "url": "https://thumbor-live.supersports.co.th/stwCs21BaiWappOBJ6U4AYkbzs8=/fit-in/236x345/filters:quality(90):fill(ffffff)/http://static-catalog.supersports.co.th/p/nike-0528-20279-5.jpg"
                    },
                    {
                        "url": "https://thumbor-live.supersports.co.th/Yd9S3jA997eW9tB7QH-bz_kxRWI=/fit-in/236x345/filters:quality(90):fill(ffffff)/http://static-catalog.supersports.co.th/p/nike-0529-20279-6.jpg"
                    },
                    {
                        "url": "https://thumbor-live.supersports.co.th/133M0iuGgowm9S3jkLQoElqn61M=/fit-in/236x345/filters:quality(90):fill(ffffff)/http://static-catalog.supersports.co.th/p/nike-0571-20279-7.jpg"
                    },
                    {
                        "url": "https://thumbor-live.supersports.co.th/1erecyWKmfliSoeVDVnsCh9zfGc=/fit-in/236x345/filters:quality(90):fill(ffffff)/http://static-catalog.supersports.co.th/p/nike-0572-20279-8.jpg"
                    },
                    {
                        "url": "https://thumbor-live.supersports.co.th/WZ4BoEBQQ-KfRxInbd8e_Nix-eY=/fit-in/236x345/filters:quality(90):fill(ffffff)/http://static-catalog.supersports.co.th/p/nike-0574-20279-9.jpg"
                    },
                    {
                        "url": "https://thumbor-live.supersports.co.th/Czk7tgNOplPQyohX3ej0OLiwL80=/fit-in/236x345/filters:quality(90):fill(ffffff)/http://static-catalog.supersports.co.th/p/nike-9831-20279-10.jpg"
                    }
                ],
                "overlay": [],
                "simples": {
                    "NI083SH352CFTH-9250179": {
                        "meta": {
                            "sku": "NI083SH352CFTH-9250179",
                            "quantity": "3",
                            "size": "7",
                            "size_position": "15",
                            "price": "7500.00",
                            "special_price": "",
                            "size_brand": "",
                            "max_special_price": ""
                        },
                        "attributes": {
                            "color_url_key": null
                        }
                    },
                    "NI083SH352CFTH-9250180": {
                        "meta": {
                            "sku": "NI083SH352CFTH-9250180",
                            "quantity": "26",
                            "size": "8",
                            "size_position": "17",
                            "price": "7500.00",
                            "special_price": "",
                            "size_brand": "",
                            "max_special_price": ""
                        },
                        "attributes": {
                            "color_url_key": null
                        }
                    },
                    "NI083SH352CFTH-9250181": {
                        "meta": {
                            "sku": "NI083SH352CFTH-9250181",
                            "quantity": "",
                            "size": "8.5",
                            "size_position": "18",
                            "price": "7500.00",
                            "special_price": "",
                            "size_brand": "",
                            "max_special_price": ""
                        },
                        "attributes": {
                            "color_url_key": null
                        }
                    },
                    "NI083SH352CFTH-9250182": {
                        "meta": {
                            "sku": "NI083SH352CFTH-9250182",
                            "quantity": "31",
                            "size": "9",
                            "size_position": "20",
                            "price": "7500.00",
                            "special_price": "",
                            "size_brand": "",
                            "max_special_price": ""
                        },
                        "attributes": {
                            "color_url_key": null
                        }
                    },
                    "NI083SH352CFTH-9250183": {
                        "meta": {
                            "sku": "NI083SH352CFTH-9250183",
                            "quantity": "",
                            "size": "9.5",
                            "size_position": "21",
                            "price": "7500.00",
                            "special_price": "",
                            "size_brand": "",
                            "max_special_price": ""
                        },
                        "attributes": {
                            "color_url_key": null
                        }
                    },
                    "NI083SH352CFTH-9250184": {
                        "meta": {
                            "sku": "NI083SH352CFTH-9250184",
                            "quantity": "8",
                            "size": "10",
                            "size_position": "22",
                            "price": "7500.00",
                            "special_price": "",
                            "size_brand": "",
                            "max_special_price": ""
                        },
                        "attributes": {
                            "color_url_key": null
                        }
                    },
                    "NI083SH352CFTH-9250186": {
                        "meta": {
                            "sku": "NI083SH352CFTH-9250186",
                            "quantity": "",
                            "size": "11",
                            "size_position": "25",
                            "price": "7500.00",
                            "special_price": "",
                            "size_brand": "",
                            "max_special_price": ""
                        },
                        "attributes": {
                            "color_url_key": null
                        }
                    },
                    "NI083SH352CFTH-9250187": {
                        "meta": {
                            "sku": "NI083SH352CFTH-9250187",
                            "quantity": "",
                            "size": "12",
                            "size_position": "27",
                            "price": "7500.00",
                            "special_price": "",
                            "size_brand": "",
                            "max_special_price": ""
                        },
                        "attributes": {
                            "color_url_key": null
                        }
                    },
                    "NI083SH352CFTH-9250188": {
                        "meta": {
                            "sku": "NI083SH352CFTH-9250188",
                            "quantity": "",
                            "size": "13",
                            "size_position": "30",
                            "price": "7500.00",
                            "special_price": "",
                            "size_brand": "",
                            "max_special_price": ""
                        },
                        "attributes": {
                            "color_url_key": null
                        }
                    }
                },
                "is_new": false,
                "images": [
                    {
                        "url": "http://static-catalog.supersports.co.th/p/nike-0452-20279-1"
                    },
                    {
                        "url": "https://thumbor-live.supersports.co.th/OIl52iJnTl5RJbDZcODPd-zpCHo=/fit-in/236x345/filters:quality(90):fill(ffffff)/http://static-catalog.supersports.co.th/p/nike-0518-20279-2.jpg"
                    },
                    {
                        "url": "https://thumbor-live.supersports.co.th/h8-23wFjPiPWsQZ3Pr7xEKxlOGw=/fit-in/236x345/filters:quality(90):fill(ffffff)/http://static-catalog.supersports.co.th/p/nike-0524-20279-3.jpg"
                    },
                    {
                        "url": "https://thumbor-live.supersports.co.th/ggpAf2OJeWbl_aEWqwMlUYOKNWI=/fit-in/236x345/filters:quality(90):fill(ffffff)/http://static-catalog.supersports.co.th/p/nike-0525-20279-4.jpg"
                    },
                    {
                        "url": "https://thumbor-live.supersports.co.th/stwCs21BaiWappOBJ6U4AYkbzs8=/fit-in/236x345/filters:quality(90):fill(ffffff)/http://static-catalog.supersports.co.th/p/nike-0528-20279-5.jpg"
                    },
                    {
                        "url": "https://thumbor-live.supersports.co.th/Yd9S3jA997eW9tB7QH-bz_kxRWI=/fit-in/236x345/filters:quality(90):fill(ffffff)/http://static-catalog.supersports.co.th/p/nike-0529-20279-6.jpg"
                    },
                    {
                        "url": "https://thumbor-live.supersports.co.th/133M0iuGgowm9S3jkLQoElqn61M=/fit-in/236x345/filters:quality(90):fill(ffffff)/http://static-catalog.supersports.co.th/p/nike-0571-20279-7.jpg"
                    },
                    {
                        "url": "https://thumbor-live.supersports.co.th/1erecyWKmfliSoeVDVnsCh9zfGc=/fit-in/236x345/filters:quality(90):fill(ffffff)/http://static-catalog.supersports.co.th/p/nike-0572-20279-8.jpg"
                    },
                    {
                        "url": "https://thumbor-live.supersports.co.th/WZ4BoEBQQ-KfRxInbd8e_Nix-eY=/fit-in/236x345/filters:quality(90):fill(ffffff)/http://static-catalog.supersports.co.th/p/nike-0574-20279-9.jpg"
                    },
                    {
                        "url": "https://thumbor-live.supersports.co.th/Czk7tgNOplPQyohX3ej0OLiwL80=/fit-in/236x345/filters:quality(90):fill(ffffff)/http://static-catalog.supersports.co.th/p/nike-9831-20279-10.jpg"
                    }
                ],
                "available_sizes": [],
                "special_price_prefix": "",
                "special_price_suffix": "",
                "price_prefix": "",
                "saving": ""
            },
            {
                "meta": {
                    "sku": "NI083SH754BXTH",
                    "max_saving_percentage": "43",
                    "brand": "NIKE",
                    "name": "NIKE Air Zoom Tempo NEXT% รองเท้าวิ่งผู้ชาย",
                    "special_price": "3,999",
                    "price": "7,000",
                    "activated_at": "2021-02-03 10:10:39",
[...]
<arg>${locator}</arg>
<arg>timeout=${timeout}</arg>
<doc>Waits until element specified with `locator` is visible.</doc>
<status status="PASS" starttime="20211008 10:05:50.597" endtime="20211008 10:05:50.707"/>
</kw>
<status status="PASS" starttime="20211008 10:05:50.596" endtime="20211008 10:05:50.708"/>
</kw>
<kw name="Get Text" library="AppiumLibrary">
<var>${text}</var>
<arg>${locator}</arg>
<doc>Get element text (for hybrid and mobile browser use `xpath` locator, others might cause problem)</doc>
<msg timestamp="20211008 10:05:50.779" level="INFO">Element '&lt;appium.webdriver.webelement.WebElement (session="ab9afeda-a878-4127-810d-95fca0f68ade", element="00000000-0000-0ae2-ffff-ffff000000e0")&gt;' text is 'ADIDAS เสื้อแข่งผู้ชายทีมแมนเชสเตอร์ ยูไนเต็ด ชุดที่สาม ฤดูกาล 2021/22' </msg>
<msg timestamp="20211008 10:05:50.779" level="INFO">${text} = ADIDAS เสื้อแข่งผู้ชายทีมแมนเชสเตอร์ ยูไนเต็ด ชุดที่สาม ฤดูกาล 2021/22</msg>
<status status="PASS" starttime="20211008 10:05:50.708" endtime="20211008 10:05:50.779"/>
</kw>
<msg timestamp="20211008 10:05:50.780" level="INFO">${elem_text} = ADIDAS เสื้อแข่งผู้ชายทีมแมนเชสเตอร์ ยูไนเต็ด ชุดที่สาม ฤดูกาล 2021/22</msg>
<status status="PASS" starttime="20211008 10:05:50.593" endtime="20211008 10:05:50.780"/>
</kw>
<kw name="Append To List" library="Collections">
<arg>${elem_txt_list}</arg>
<arg>${elem_text}</arg>
<doc>Adds ``values`` to the end of ``list``.</doc>
<status status="PASS" starttime="20211008 10:05:50.780" endtime="20211008 10:05:50.780"/>
</kw>
<status status="PASS" starttime="20211008 10:05:50.592" endtime="20211008 10:05:50.780"/>
</iter>
<status status="PASS" starttime="20211008 10:05:49.975" endtime="20211008 10:05:50.780"/>
</for>
<msg timestamp="20211008 10:05:50.780" level="INFO">${products_name_list} = ['ADIDAS เสื้อแข่งผู้ชายทีมแมนเชสเตอร์ ยูไนเต็ด ชุดเหย้า ฤดูกาล 2021/22', 'ADIDAS เสื้อแข่งผู้ชายทีมแมนเชสเตอร์ ยูไนเต็ด ชุดเยือน เกรดReplica 2021/22', 'ADIDAS Adilette Comfort รองเท้าแตะผู้ชาย', 'ADI...</msg>
<status status="PASS" starttime="20211008 10:05:49.617" endtime="20211008 10:05:50.780"/>
</kw>
<msg timestamp="20211008 10:05:50.781" level="INFO">${products_name_UI_list} = ['ADIDAS เสื้อแข่งผู้ชายทีมแมนเชสเตอร์ ยูไนเต็ด ชุดเหย้า ฤดูกาล 2021/22', 'ADIDAS เสื้อแข่งผู้ชายทีมแมนเชสเตอร์ ยูไนเต็ด ชุดเยือน เกรดReplica 2021/22', 'ADIDAS Adilette Comfort รองเท้าแตะผู้ชาย', 'ADI...</msg>
<status status="PASS" starttime="20211008 10:05:49.616" endtime="20211008 10:05:50.781"/>
</kw>
<kw name="Get products price" library="suggestion_page">
<var>${products_price_UI_list}</var>
<kw name="Get Elements Text" library="common_android_keywords">
<var>${products_price_list}</var>
<arg>${suggestionPageLocator}[txt_products_price]</arg>
<kw name="Get Elements" library="common_android_keywords">
<var>@{elems}</var>
<arg>${locator}</arg>
<doc>This keyword for getting elements after verify these elements is visible
${elems} - Varargs of locators or elements</doc>
<kw name="Verify Elements Are Visible" library="common_android_keywords">
<arg>@{elems}</arg>
<doc>This keyword verify that page contains elements specified in arguments and verify each element is visible
['android=UiSelector().resourceIdMatches(".*id/textViewPrice$")'] - Varargs of locators or elements</doc>
<for flavor="IN">
<var>${elem}</var>
<value>@{elems}</value>
<iter>
<var name="${elem}">android=UiSelector().resourceIdMatches(".*id/textViewPrice$")</var>
<kw name="Wait Until Page Contains Element" library="AppiumLibrary">
<arg>${elem}</arg>
<arg>timeout=${GLOBALTIMEOUT}</arg>
<doc>Waits until element specified with `locator` appears on current page.</doc>
<status status="PASS" starttime="20211008 10:05:50.784" endtime="20211008 10:05:50.933"/>
</kw>
<status status="PASS" starttime="20211008 10:05:50.784" endtime="20211008 10:05:50.933"/>
</iter>
<status status="PASS" starttime="20211008 10:05:50.784" endtime="20211008 10:05:50.933"/>
</for>
<status status="PASS" starttime="20211008 10:05:50.783" endtime="20211008 10:05:50.933"/>
</kw>
<kw name="Get Webelements" library="AppiumLibrary">
<var>@{elements}</var>
<arg>@{elems}</arg>
<doc>Returns list of [http://selenium-python.readthedocs.io/api.html#module-selenium.webdriver.remote.webelement|WebElement] objects matching ``locator``.</doc>
<msg timestamp="20211008 10:05:51.138" level="INFO">@{elements} = [ &lt;appium.webdriver.webelement.WebElement (session="ab9afeda-a878-4127-810d-95fca0f68ade", element="00000000-0000-0ae2-ffff-ffff000000cb")&gt; | &lt;appium.webdriver.webelement.WebElement (session="ab9afeda...</msg>
<status status="PASS" starttime="20211008 10:05:50.934" endtime="20211008 10:05:51.138"/>
</kw>
<msg timestamp="20211008 10:05:51.139" level="INFO">@{elems} = [ &lt;appium.webdriver.webelement.WebElement (session="ab9afeda-a878-4127-810d-95fca0f68ade", element="00000000-0000-0ae2-ffff-ffff000000cb")&gt; | &lt;appium.webdriver.webelement.WebElement (session="ab9afeda...</msg>
<status status="PASS" starttime="20211008 10:05:50.783" endtime="20211008 10:05:51.139"/>
</kw>
<kw name="Create List" library="BuiltIn">
<var>${elem_txt_list}</var>
<doc>Returns a list containing given items.</doc>
<msg timestamp="20211008 10:05:51.139" level="INFO">${elem_txt_list} = []</msg>
<status status="PASS" starttime="20211008 10:05:51.139" endtime="20211008 10:05:51.139"/>
</kw>
<for flavor="IN">
<var>${elem}</var>
<value>@{elems}</value>
<iter>
<var name="${elem}">&lt;appium.webdriver.webelement.WebElement (session="ab9afeda-a878-4127-810d-95fca0f68ade", element="00000000-0000-0ae2-ffff-ffff000000cb")&gt;</var>
<kw name="Get Text" library="common_android_keywords">
<var>${elem_text}</var>
<arg>${elem}</arg>
<doc>Get text of target element
android=UiSelector().resourceIdMatches(".*id/textViewPrice$") - Locator of target element</doc>
<kw name="Wait Element Is Visible" library="common_android_keywords">
<arg>${locator}</arg>
<doc>Wait element is visible
&lt;appium.webdriver.webelement.WebElement (session="ab9afeda-a878-4127-810d-95fca0f68ade", element="00000000-0000-0ae2-ffff-ffff000000cb")&gt; - Locator of target element
${timeout} - Waiting time for target element visible</doc>
<kw name="Wait Until Element Is Visible" library="AppiumLibrary">
<arg>${locator}</arg>
<arg>timeout=${timeout}</arg>
<doc>Waits until element specified with `locator` is visible.</doc>
<status status="PASS" starttime="20211008 10:05:51.142" endtime="20211008 10:05:51.245"/>
</kw>
<status status="PASS" starttime="20211008 10:05:51.141" endtime="20211008 10:05:51.246"/>
</kw>
<kw name="Get Text" library="AppiumLibrary">
<var>${text}</var>
<arg>${locator}</arg>
<doc>Get element text (for hybrid and mobile browser use `xpath` locator, others might cause problem)</doc>
<msg timestamp="20211008 10:05:51.301" level="INFO">Element '&lt;appium.webdriver.webelement.WebElement (session="ab9afeda-a878-4127-810d-95fca0f68ade", element="00000000-0000-0ae2-ffff-ffff000000cb")&gt;' text is '2,800 THB' </msg>
<msg timestamp="20211008 10:05:51.301" level="INFO">${text} = 2,800 THB</msg>
<status status="PASS" starttime="20211008 10:05:51.246" endtime="20211008 10:05:51.301"/>
</kw>
<msg timestamp="20211008 10:05:51.301" level="INFO">${elem_text} = 2,800 THB</msg>
<status status="PASS" starttime="20211008 10:05:51.140" endtime="20211008 10:05:51.301"/>
</kw>
<kw name="Append To List" library="Collections">
<arg>${elem_txt_list}</arg>
<arg>${elem_text}</arg>
<doc>Adds ``values`` to the end of ``list``.</doc>
<status status="PASS" starttime="20211008 10:05:51.302" endtime="20211008 10:05:51.302"/>
</kw>
<status status="PASS" starttime="20211008 10:05:51.140" endtime="20211008 10:05:51.302"/>
</iter>
<iter>
<var name="${elem}">&lt;appium.webdriver.webelement.WebElement (session="ab9afeda-a878-4127-810d-95fca0f68ade", element="00000000-0000-0ae2-ffff-ffff000000d0")&gt;</var>
<kw name="Get Text" library="common_android_keywords">
<var>${elem_text}</var>
<arg>${elem}</arg>
<doc>Get text of target element
android=UiSelector().resourceIdMatches(".*id/textViewPrice$") - Locator of target element</doc>
<kw name="Wait Element Is Visible" library="common_android_keywords">
<arg>${locator}</arg>
<doc>Wait element is visible
&lt;appium.webdriver.webelement.WebElement (session="ab9afeda-a878-4127-810d-95fca0f68ade", element="00000000-0000-0ae2-ffff-ffff000000d0")&gt; - Locator of target element
${timeout} - Waiting time for target element visible</doc>
<kw name="Wait Until Element Is Visible" library="AppiumLibrary">
<arg>${locator}</arg>
<arg>timeout=${timeout}</arg>
<doc>Waits until element specified with `locator` is visible.</doc>
<status status="PASS" starttime="20211008 10:05:51.304" endtime="20211008 10:05:51.366"/>
</kw>
<status status="PASS" starttime="20211008 10:05:51.304" endtime="20211008 10:05:51.366"/>
</kw>
<kw name="Get Text" library="AppiumLibrary">
<var>${text}</var>
<arg>${locator}</arg>
<doc>Get element text (for hybrid and mobile browser use `xpath` locator, others might cause problem)</doc>
<msg timestamp="20211008 10:05:51.406" level="INFO">Element '&lt;appium.webdriver.webelement.WebElement (session="ab9afeda-a878-4127-810d-95fca0f68ade", element="00000000-0000-0ae2-ffff-ffff000000d0")&gt;' text is '2,800 THB' </msg>
<msg timestamp="20211008 10:05:51.406" level="INFO">${text} = 2,800 THB</msg>
<status status="PASS" starttime="20211008 10:05:51.366" endtime="20211008 10:05:51.406"/>
</kw>
<msg timestamp="20211008 10:05:51.407" level="INFO">${elem_text} = 2,800 THB</msg>
<status status="PASS" starttime="20211008 10:05:51.302" endtime="20211008 10:05:51.407"/>
</kw>
<kw name="Append To List" library="Collections">
<arg>${elem_txt_list}</arg>
<arg>${elem_text}</arg>
<doc>Adds ``values`` to the end of ``list``.</doc>
<status status="PASS" starttime="20211008 10:05:51.407" endtime="20211008 10:05:51.407"/>
</kw>
<status status="PASS" starttime="20211008 10:05:51.302" endtime="20211008 10:05:51.407"/>
</iter>
<iter>
<var name="${elem}">&lt;appium.webdriver.webelement.WebElement (session="ab9afeda-a878-4127-810d-95fca0f68ade", element="00000000-0000-0ae2-ffff-ffff000000d5")&gt;</var>
<kw name="Get Text" library="common_android_keywords">
<var>${elem_text}</var>
<arg>${elem}</arg>
<doc>Get text of target element
android=UiSelector().resourceIdMatches(".*id/textViewPrice$") - Locator of target element</doc>
<kw name="Wait Element Is Visible" library="common_android_keywords">
<arg>${locator}</arg>
<doc>Wait element is visible
&lt;appium.webdriver.webelement.WebElement (session="ab9afeda-a878-4127-810d-95fca0f68ade", element="00000000-0000-0ae2-ffff-ffff000000d5")&gt; - Locator of target element
${timeout} - Waiting time for target element visible</doc>
<kw name="Wait Until Element Is Visible" library="AppiumLibrary">
<arg>${locator}</arg>
<arg>timeout=${timeout}</arg>
<doc>Waits until element specified with `locator` is visible.</doc>
<status status="PASS" starttime="20211008 10:05:51.410" endtime="20211008 10:05:51.471"/>
</kw>
<status status="PASS" starttime="20211008 10:05:51.409" endtime="20211008 10:05:51.471"/>
</kw>
<kw name="Get Text" library="AppiumLibrary">
<var>${text}</var>
<arg>${locator}</arg>
<doc>Get element text (for hybrid and mobile browser use `xpath` locator, others might cause problem)</doc>
<msg timestamp="20211008 10:05:51.577" level="INFO">Element '&lt;appium.webdriver.webelement.WebElement (session="ab9afeda-a878-4127-810d-95fca0f68ade", element="00000000-0000-0ae2-ffff-ffff000000d5")&gt;' text is '1,300 THB' </msg>
<msg timestamp="20211008 10:05:51.577" level="INFO">${text} = 1,300 THB</msg>
<status status="PASS" starttime="20211008 10:05:51.471" endtime="20211008 10:05:51.577"/>
</kw>
<msg timestamp="20211008 10:05:51.578" level="INFO">${elem_text} = 1,300 THB</msg>
<status status="PASS" starttime="20211008 10:05:51.408" endtime="20211008 10:05:51.578"/>
</kw>
<kw name="Append To List" library="Collections">
<arg>${elem_txt_list}</arg>
<arg>${elem_text}</arg>
<doc>Adds ``values`` to the end of ``list``.</doc>
<status status="PASS" starttime="20211008 10:05:51.579" endtime="20211008 10:05:51.580"/>
</kw>
<status status="PASS" starttime="20211008 10:05:51.407" endtime="20211008 10:05:51.581"/>
</iter>
<iter>
<var name="${elem}">&lt;appium.webdriver.webelement.WebElement (session="ab9afeda-a878-4127-810d-95fca0f68ade", element="00000000-0000-0ae2-ffff-ffff000000dc")&gt;</var>
<kw name="Get Text" library="common_android_keywords">
<var>${elem_text}</var>
<arg>${elem}</arg>
<doc>Get text of target element
android=UiSelector().resourceIdMatches(".*id/textViewPrice$") - Locator of target element</doc>
<kw name="Wait Element Is Visible" library="common_android_keywords">
<arg>${locator}</arg>
<doc>Wait element is visible
&lt;appium.webdriver.webelement.WebElement (session="ab9afeda-a878-4127-810d-95fca0f68ade", element="00000000-0000-0ae2-ffff-ffff000000dc")&gt; - Locator of target element
${timeout} - Waiting time for target element visible</doc>
<kw name="Wait Until Element Is Visible" library="AppiumLibrary">
<arg>${locator}</arg>
<arg>timeout=${timeout}</arg>
<doc>Waits until element specified with `locator` is visible.</doc>
<status status="PASS" starttime="20211008 10:05:51.588" endtime="20211008 10:05:51.676"/>
</kw>
<status status="PASS" starttime="20211008 10:05:51.587" endtime="20211008 10:05:51.677"/>
</kw>
<kw name="Get Text" library="AppiumLibrary">
<var>${text}</var>
<arg>${locator}</arg>
<doc>Get element text (for hybrid and mobile browser use `xpath` locator, others might cause problem)</doc>
<msg timestamp="20211008 10:05:51.733" level="INFO">Element '&lt;appium.webdriver.webelement.WebElement (session="ab9afeda-a878-4127-810d-95fca0f68ade", element="00000000-0000-0ae2-ffff-ffff000000dc")&gt;' text is '7,800 THB' </msg>
<msg timestamp="20211008 10:05:51.734" level="INFO">${text} = 7,800 THB</msg>
<status status="PASS" starttime="20211008 10:05:51.677" endtime="20211008 10:05:51.734"/>
</kw>
<msg timestamp="20211008 10:05:51.735" level="INFO">${elem_text} = 7,800 THB</msg>
<status status="PASS" starttime="20211008 10:05:51.582" endtime="20211008 10:05:51.735"/>
</kw>
<kw name="Append To List" library="Collections">
<arg>${elem_txt_list}</arg>
<arg>${elem_text}</arg>
<doc>Adds ``values`` to the end of ``list``.</doc>
<status status="PASS" starttime="20211008 10:05:51.735" endtime="20211008 10:05:51.736"/>
</kw>
<status status="PASS" starttime="20211008 10:05:51.581" endtime="20211008 10:05:51.736"/>
</iter>
<iter>
<var name="${elem}">&lt;appium.webdriver.webelement.WebElement (session="ab9afeda-a878-4127-810d-95fca0f68ade", element="00000000-0000-0ae2-ffff-ffff000000e1")&gt;</var>
<kw name="Get Text" library="common_android_keywords">
<var>${elem_text}</var>
<arg>${elem}</arg>
<doc>Get text of target element
android=UiSelector().resourceIdMatches(".*id/textViewPrice$") - Locator of target element</doc>
<kw name="Wait Element Is Visible" library="common_android_keywords">
<arg>${locator}</arg>
<doc>Wait element is visible
&lt;appium.webdriver.webelement.WebElement (session="ab9afeda-a878-4127-810d-95fca0f68ade", element="00000000-0000-0ae2-ffff-ffff000000e1")&gt; - Locator of target element
${timeout} - Waiting time for target element visible</doc>
<kw name="Wait Until Element Is Visible" library="AppiumLibrary">
<arg>${locator}</arg>
<arg>timeout=${timeout}</arg>
<doc>Waits until element specified with `locator` is visible.</doc>
<status status="PASS" starttime="20211008 10:05:51.742" endtime="20211008 10:05:51.819"/>
</kw>
<status status="PASS" starttime="20211008 10:05:51.740" endtime="20211008 10:05:51.820"/>
</kw>
<kw name="Get Text" library="AppiumLibrary">
<var>${text}</var>
<arg>${locator}</arg>
<doc>Get element text (for hybrid and mobile browser use `xpath` locator, others might cause problem)</doc>
<msg timestamp="20211008 10:05:51.933" level="INFO">Element '&lt;appium.webdriver.webelement.WebElement (session="ab9afeda-a878-4127-810d-95fca0f68ade", element="00000000-0000-0ae2-ffff-ffff000000e1")&gt;' text is '2,800 THB' </msg>
<msg timestamp="20211008 10:05:51.934" level="INFO">${text} = 2,800 THB</msg>
<status status="PASS" starttime="20211008 10:05:51.820" endtime="20211008 10:05:51.934"/>
</kw>
<msg timestamp="20211008 10:05:51.934" level="INFO">${elem_text} = 2,800 THB</msg>
<status status="PASS" starttime="20211008 10:05:51.737" endtime="20211008 10:05:51.934"/>
</kw>
<kw name="Append To List" library="Collections">
<arg>${elem_txt_list}</arg>
<arg>${elem_text}</arg>
<doc>Adds ``values`` to the end of ``list``.</doc>
<status status="PASS" starttime="20211008 10:05:51.935" endtime="20211008 10:05:51.936"/>
</kw>
<status status="PASS" starttime="20211008 10:05:51.736" endtime="20211008 10:05:51.936"/>
</iter>
<status status="PASS" starttime="20211008 10:05:51.139" endtime="20211008 10:05:51.936"/>
</for>
<msg timestamp="20211008 10:05:51.936" level="INFO">${products_price_list} = ['2,800 THB', '2,800 THB', '1,300 THB', '7,800 THB', '2,800 THB']</msg>
<status status="PASS" starttime="20211008 10:05:50.781" endtime="20211008 10:05:51.936"/>
</kw>
<msg timestamp="20211008 10:05:51.937" level="INFO">${products_price_UI_list} = ['2,800 THB', '2,800 THB', '1,300 THB', '7,800 THB', '2,800 THB']</msg>
<status status="PASS" starttime="20211008 10:05:50.781" endtime="20211008 10:05:51.937"/>
</kw>
<kw name="Lists Should Be Equal" library="Collections">
<arg>${products_name_UI_list}</arg>
<arg>${list_products_name}</arg>
<doc>Fails if given lists are unequal.</doc>
<status status="PASS" starttime="20211008 10:05:51.937" endtime="20211008 10:05:51.938"/>
</kw>
<kw name="Lists Should Be Equal" library="Collections">
<arg>${products_price_UI_list}</arg>
<arg>${list_products_price}</arg>
<doc>Fails if given lists are unequal.</doc>
<status status="PASS" starttime="20211008 10:05:51.938" endtime="20211008 10:05:51.939"/>
</kw>
<status status="PASS" starttime="20211008 10:05:49.613" endtime="20211008 10:05:51.940"/>
</kw>
<status status="PASS" starttime="20211008 10:05:39.525" endtime="20211008 10:05:51.940"/>
</kw>
<status status="PASS" starttime="20211008 10:05:39.522" endtime="20211008 10:05:51.940"/>
</kw>
<status status="PASS" starttime="20211008 10:05:20.547" endtime="20211008 10:05:51.940"/>
</kw>
<kw name="Run Keywords" library="BuiltIn" type="TEARDOWN">
<arg>common_android_keywords.Close SuperSport Application</arg>
<doc>Executes all the given keywords in a sequence.</doc>
<kw name="Close SuperSport Application" library="common_android_keywords">
<doc>Close current application while Appium session running</doc>
<kw name="Run Keyword And Ignore Error" library="BuiltIn">
<arg>AppiumLibrary.Close Application</arg>
<doc>Runs the given keyword with the given arguments and ignores possible error.</doc>
<kw name="Close Application" library="AppiumLibrary">
<doc>Closes the current application and also close webdriver session.</doc>
<status status="PASS" starttime="20211008 10:05:51.944" endtime="20211008 10:05:52.448"/>
</kw>
<status status="PASS" starttime="20211008 10:05:51.944" endtime="20211008 10:05:52.448"/>
</kw>
<status status="PASS" starttime="20211008 10:05:51.942" endtime="20211008 10:05:52.448"/>
</kw>
<status status="PASS" starttime="20211008 10:05:51.942" endtime="20211008 10:05:52.449"/>
</kw>
<tag>search_function</tag>
<tag>TC1</tag>
<status status="PASS" starttime="20211008 10:05:09.664" endtime="20211008 10:05:52.449"/>
</test>
<status status="PASS" starttime="20211008 10:03:35.072" endtime="20211008 10:05:52.450"/>
</suite>
<status status="PASS" starttime="20211008 10:03:35.053" endtime="20211008 10:05:52.451"/>
</suite>
<statistics>
<total>
<stat pass="4" fail="0" skip="0">All Tests</stat>
</total>
<tag>
<stat pass="4" fail="0" skip="0">search_function</stat>
<stat pass="4" fail="0" skip="0">TC1</stat>
</tag>
<suite>
<stat pass="4" fail="0" skip="0" id="s1" name="Testcases">Testcases</stat>
<stat pass="4" fail="0" skip="0" id="s1-s1" name="Search Function">Testcases.Search Function</stat>
</suite>
</statistics>
<errors>
</errors>
</robot>
